top - 15:30:48 up  6:48,  3 users,  load average: 0.01, 0.03, 0.00
Tasks:   1 total,   0 running,   1 sleeping,   0 stopped,   0 zombie
%Cpu(s):  0.7 us,  0.1 sy,  0.0 ni, 99.2 id,  0.0 wa,  0.0 hi,  0.0 si,  0.0 st
KiB Mem :   949580 total,   246876 free,   192272 used,   510432 buff/cache
KiB Swap:   102396 total,    96512 free,     5884 used.   664112 avail Mem 

  PID USER      PR  NI    VIRT    RES    SHR S  %CPU %MEM     TIME+ COMMAND
 3695 pi        20   0   23000   2712   2472 S   0.0  0.3   0:00.02 requester

top - 15:30:48 up  6:48,  3 users,  load average: 0.01, 0.03, 0.00
Tasks:   1 total,   0 running,   1 sleeping,   0 stopped,   0 zombie
%Cpu(s):  0.5 us,  0.0 sy,  0.0 ni, 99.5 id,  0.0 wa,  0.0 hi,  0.0 si,  0.0 st
KiB Mem :   949580 total,   246876 free,   192272 used,   510432 buff/cache
KiB Swap:   102396 total,    96512 free,     5884 used.   664112 avail Mem 

  PID USER      PR  NI    VIRT    RES    SHR S  %CPU %MEM     TIME+ COMMAND
 3695 pi        20   0   23000   2712   2472 S   0.0  0.3   0:00.02 requester

top - 15:30:49 up  6:48,  3 users,  load average: 0.01, 0.03, 0.00
Tasks:   1 total,   0 running,   1 sleeping,   0 stopped,   0 zombie
%Cpu(s):  0.0 us,  0.0 sy,  0.0 ni,100.0 id,  0.0 wa,  0.0 hi,  0.0 si,  0.0 st
KiB Mem :   949580 total,   246876 free,   192272 used,   510432 buff/cache
KiB Swap:   102396 total,    96512 free,     5884 used.   664112 avail Mem 

  PID USER      PR  NI    VIRT    RES    SHR S  %CPU %MEM     TIME+ COMMAND
 3695 pi        20   0   23000   2712   2472 S   0.0  0.3   0:00.02 requester

top - 15:30:49 up  6:48,  3 users,  load average: 0.01, 0.03, 0.00
Tasks:   1 total,   0 running,   1 sleeping,   0 stopped,   0 zombie
%Cpu(s):  0.5 us,  0.0 sy,  0.0 ni, 99.0 id,  0.5 wa,  0.0 hi,  0.0 si,  0.0 st
KiB Mem :   949580 total,   246876 free,   192272 used,   510432 buff/cache
KiB Swap:   102396 total,    96512 free,     5884 used.   664112 avail Mem 

  PID USER      PR  NI    VIRT    RES    SHR S  %CPU %MEM     TIME+ COMMAND
 3695 pi        20   0   23000   2712   2472 S   0.0  0.3   0:00.02 requester

top - 15:30:50 up  6:48,  3 users,  load average: 0.01, 0.03, 0.00
Tasks:   1 total,   0 running,   1 sleeping,   0 stopped,   0 zombie
%Cpu(s):  0.0 us,  0.0 sy,  0.0 ni,100.0 id,  0.0 wa,  0.0 hi,  0.0 si,  0.0 st
KiB Mem :   949580 total,   246876 free,   192272 used,   510432 buff/cache
KiB Swap:   102396 total,    96512 free,     5884 used.   664112 avail Mem 

  PID USER      PR  NI    VIRT    RES    SHR S  %CPU %MEM     TIME+ COMMAND
 3695 pi        20   0   23000   2712   2472 S   0.0  0.3   0:00.02 requester

top - 15:30:50 up  6:48,  3 users,  load average: 0.01, 0.03, 0.00
Tasks:   1 total,   0 running,   1 sleeping,   0 stopped,   0 zombie
%Cpu(s):  0.0 us,  0.5 sy,  0.0 ni, 99.5 id,  0.0 wa,  0.0 hi,  0.0 si,  0.0 st
KiB Mem :   949580 total,   246876 free,   192272 used,   510432 buff/cache
KiB Swap:   102396 total,    96512 free,     5884 used.   664112 avail Mem 

  PID USER      PR  NI    VIRT    RES    SHR S  %CPU %MEM     TIME+ COMMAND
 3695 pi        20   0   23000   2712   2472 S   0.0  0.3   0:00.02 requester

top - 15:30:51 up  6:48,  3 users,  load average: 0.01, 0.03, 0.00
Tasks:   1 total,   0 running,   1 sleeping,   0 stopped,   0 zombie
%Cpu(s):  0.0 us,  0.0 sy,  0.0 ni,100.0 id,  0.0 wa,  0.0 hi,  0.0 si,  0.0 st
KiB Mem :   949580 total,   246916 free,   192220 used,   510444 buff/cache
KiB Swap:   102396 total,    96512 free,     5884 used.   664152 avail Mem 

  PID USER      PR  NI    VIRT    RES    SHR S  %CPU %MEM     TIME+ COMMAND
 3695 pi        20   0   23000   2712   2472 S   0.0  0.3   0:00.02 requester

top - 15:30:51 up  6:48,  3 users,  load average: 0.01, 0.03, 0.00
Tasks:   1 total,   0 running,   1 sleeping,   0 stopped,   0 zombie
%Cpu(s):  0.0 us,  0.0 sy,  0.0 ni,100.0 id,  0.0 wa,  0.0 hi,  0.0 si,  0.0 st
KiB Mem :   949580 total,   246916 free,   192220 used,   510444 buff/cache
KiB Swap:   102396 total,    96512 free,     5884 used.   664152 avail Mem 

  PID USER      PR  NI    VIRT    RES    SHR S  %CPU %MEM     TIME+ COMMAND
 3695 pi        20   0   23000   2712   2472 S   0.0  0.3   0:00.02 requester

top - 15:30:52 up  6:48,  3 users,  load average: 0.01, 0.03, 0.00
Tasks:   1 total,   0 running,   1 sleeping,   0 stopped,   0 zombie
%Cpu(s):  0.5 us,  0.0 sy,  0.0 ni, 99.5 id,  0.0 wa,  0.0 hi,  0.0 si,  0.0 st
KiB Mem :   949580 total,   246916 free,   192220 used,   510444 buff/cache
KiB Swap:   102396 total,    96512 free,     5884 used.   664152 avail Mem 

  PID USER      PR  NI    VIRT    RES    SHR S  %CPU %MEM     TIME+ COMMAND
 3695 pi        20   0   23000   2712   2472 S   0.0  0.3   0:00.02 requester

top - 15:30:52 up  6:48,  3 users,  load average: 0.01, 0.03, 0.00
Tasks:   1 total,   0 running,   1 sleeping,   0 stopped,   0 zombie
%Cpu(s):  0.0 us,  0.0 sy,  0.0 ni,100.0 id,  0.0 wa,  0.0 hi,  0.0 si,  0.0 st
KiB Mem :   949580 total,   246916 free,   192220 used,   510444 buff/cache
KiB Swap:   102396 total,    96512 free,     5884 used.   664152 avail Mem 

  PID USER      PR  NI    VIRT    RES    SHR S  %CPU %MEM     TIME+ COMMAND
 3695 pi        20   0   23000   2712   2472 S   0.0  0.3   0:00.02 requester

top - 15:30:53 up  6:48,  3 users,  load average: 0.01, 0.03, 0.00
Tasks:   1 total,   0 running,   1 sleeping,   0 stopped,   0 zombie
%Cpu(s):  1.0 us,  0.5 sy,  0.0 ni, 98.5 id,  0.0 wa,  0.0 hi,  0.0 si,  0.0 st
KiB Mem :   949580 total,   246916 free,   192220 used,   510444 buff/cache
KiB Swap:   102396 total,    96512 free,     5884 used.   664152 avail Mem 

  PID USER      PR  NI    VIRT    RES    SHR S  %CPU %MEM     TIME+ COMMAND
 3695 pi        20   0   23000   2712   2472 S   0.0  0.3   0:00.02 requester

top - 15:30:53 up  6:48,  3 users,  load average: 0.01, 0.03, 0.00
Tasks:   1 total,   0 running,   1 sleeping,   0 stopped,   0 zombie
%Cpu(s):  0.0 us,  0.0 sy,  0.0 ni,100.0 id,  0.0 wa,  0.0 hi,  0.0 si,  0.0 st
KiB Mem :   949580 total,   246916 free,   192220 used,   510444 buff/cache
KiB Swap:   102396 total,    96512 free,     5884 used.   664152 avail Mem 

  PID USER      PR  NI    VIRT    RES    SHR S  %CPU %MEM     TIME+ COMMAND
 3695 pi        20   0   23000   2712   2472 S   0.0  0.3   0:00.02 requester

top - 15:30:54 up  6:48,  3 users,  load average: 0.01, 0.03, 0.00
Tasks:   1 total,   0 running,   1 sleeping,   0 stopped,   0 zombie
%Cpu(s):  0.5 us,  0.0 sy,  0.0 ni, 99.5 id,  0.0 wa,  0.0 hi,  0.0 si,  0.0 st
KiB Mem :   949580 total,   246544 free,   192588 used,   510448 buff/cache
KiB Swap:   102396 total,    96512 free,     5884 used.   663788 avail Mem 

  PID USER      PR  NI    VIRT    RES    SHR S  %CPU %MEM     TIME+ COMMAND
 3695 pi        20   0   23000   2712   2472 S   0.0  0.3   0:00.02 requester

top - 15:30:54 up  6:48,  3 users,  load average: 0.01, 0.03, 0.00
Tasks:   1 total,   0 running,   1 sleeping,   0 stopped,   0 zombie
%Cpu(s):  0.0 us,  0.0 sy,  0.0 ni,100.0 id,  0.0 wa,  0.0 hi,  0.0 si,  0.0 st
KiB Mem :   949580 total,   246544 free,   192588 used,   510448 buff/cache
KiB Swap:   102396 total,    96512 free,     5884 used.   663788 avail Mem 

  PID USER      PR  NI    VIRT    RES    SHR S  %CPU %MEM     TIME+ COMMAND
 3695 pi        20   0   23000   2712   2472 S   0.0  0.3   0:00.02 requester

top - 15:30:55 up  6:48,  3 users,  load average: 0.01, 0.03, 0.00
Tasks:   1 total,   0 running,   1 sleeping,   0 stopped,   0 zombie
%Cpu(s):  0.5 us,  2.0 sy,  0.0 ni, 97.0 id,  0.5 wa,  0.0 hi,  0.0 si,  0.0 st
KiB Mem :   949580 total,   246544 free,   192588 used,   510448 buff/cache
KiB Swap:   102396 total,    96512 free,     5884 used.   663788 avail Mem 

  PID USER      PR  NI    VIRT    RES    SHR S  %CPU %MEM     TIME+ COMMAND
 3695 pi        20   0   23000   2712   2472 S   2.0  0.3   0:00.03 requester

top - 15:30:55 up  6:48,  3 users,  load average: 0.01, 0.03, 0.00
Tasks:   1 total,   0 running,   1 sleeping,   0 stopped,   0 zombie
%Cpu(s):  0.0 us,  1.0 sy,  0.0 ni, 99.0 id,  0.0 wa,  0.0 hi,  0.0 si,  0.0 st
KiB Mem :   949580 total,   246544 free,   192588 used,   510448 buff/cache
KiB Swap:   102396 total,    96512 free,     5884 used.   663788 avail Mem 

  PID USER      PR  NI    VIRT    RES    SHR S  %CPU %MEM     TIME+ COMMAND
 3695 pi        20   0   23000   2712   2472 S   2.0  0.3   0:00.04 requester

top - 15:30:56 up  6:48,  3 users,  load average: 0.01, 0.03, 0.00
Tasks:   1 total,   1 running,   0 sleeping,   0 stopped,   0 zombie
%Cpu(s):  0.0 us,  1.0 sy,  0.0 ni, 99.0 id,  0.0 wa,  0.0 hi,  0.0 si,  0.0 st
KiB Mem :   949580 total,   246544 free,   192588 used,   510448 buff/cache
KiB Swap:   102396 total,    96512 free,     5884 used.   663788 avail Mem 

  PID USER      PR  NI    VIRT    RES    SHR S  %CPU %MEM     TIME+ COMMAND
 3695 pi        20   0   23000   2712   2472 R   2.0  0.3   0:00.05 requester

top - 15:30:56 up  6:48,  3 users,  load average: 0.01, 0.03, 0.00
Tasks:   1 total,   0 running,   1 sleeping,   0 stopped,   0 zombie
%Cpu(s):  2.5 us,  5.4 sy,  0.0 ni, 91.6 id,  0.0 wa,  0.0 hi,  0.5 si,  0.0 st
KiB Mem :   949580 total,   246544 free,   192588 used,   510448 buff/cache
KiB Swap:   102396 total,    96512 free,     5884 used.   663788 avail Mem 

  PID USER      PR  NI    VIRT    RES    SHR S  %CPU %MEM     TIME+ COMMAND
 3695 pi        20   0   23000   2712   2472 S   4.0  0.3   0:00.07 requester

top - 15:30:57 up  6:48,  3 users,  load average: 0.01, 0.03, 0.00
Tasks:   1 total,   0 running,   1 sleeping,   0 stopped,   0 zombie
%Cpu(s):  1.5 us,  0.5 sy,  0.0 ni, 98.0 id,  0.0 wa,  0.0 hi,  0.0 si,  0.0 st
KiB Mem :   949580 total,   246412 free,   192708 used,   510460 buff/cache
KiB Swap:   102396 total,    96512 free,     5884 used.   663664 avail Mem 

  PID USER      PR  NI    VIRT    RES    SHR S  %CPU %MEM     TIME+ COMMAND
 3695 pi        20   0   23000   2712   2472 S   3.9  0.3   0:00.09 requester

top - 15:30:57 up  6:48,  3 users,  load average: 0.01, 0.03, 0.00
Tasks:   1 total,   0 running,   1 sleeping,   0 stopped,   0 zombie
%Cpu(s):  0.5 us,  2.5 sy,  0.0 ni, 96.0 id,  0.0 wa,  0.0 hi,  1.0 si,  0.0 st
KiB Mem :   949580 total,   246412 free,   192708 used,   510460 buff/cache
KiB Swap:   102396 total,    96512 free,     5884 used.   663664 avail Mem 

  PID USER      PR  NI    VIRT    RES    SHR S  %CPU %MEM     TIME+ COMMAND
 3695 pi        20   0   23000   2712   2472 S   2.0  0.3   0:00.10 requester

top - 15:30:58 up  6:48,  3 users,  load average: 0.01, 0.03, 0.00
Tasks:   1 total,   0 running,   1 sleeping,   0 stopped,   0 zombie
%Cpu(s):  1.5 us,  1.5 sy,  0.0 ni, 95.9 id,  0.0 wa,  0.0 hi,  1.0 si,  0.0 st
KiB Mem :   949580 total,   246412 free,   192708 used,   510460 buff/cache
KiB Swap:   102396 total,    96512 free,     5884 used.   663664 avail Mem 

  PID USER      PR  NI    VIRT    RES    SHR S  %CPU %MEM     TIME+ COMMAND
 3695 pi        20   0   23000   2712   2472 S   4.0  0.3   0:00.12 requester

top - 15:30:58 up  6:49,  3 users,  load average: 0.01, 0.03, 0.00
Tasks:   1 total,   0 running,   1 sleeping,   0 stopped,   0 zombie
%Cpu(s):  0.5 us,  1.0 sy,  0.0 ni, 97.5 id,  0.0 wa,  0.0 hi,  1.0 si,  0.0 st
KiB Mem :   949580 total,   246412 free,   192708 used,   510460 buff/cache
KiB Swap:   102396 total,    96512 free,     5884 used.   663664 avail Mem 

  PID USER      PR  NI    VIRT    RES    SHR S  %CPU %MEM     TIME+ COMMAND
 3695 pi        20   0   23000   2712   2472 S   2.0  0.3   0:00.13 requester

top - 15:30:59 up  6:49,  3 users,  load average: 0.01, 0.03, 0.00
Tasks:   1 total,   0 running,   1 sleeping,   0 stopped,   0 zombie
%Cpu(s):  0.0 us,  1.0 sy,  0.0 ni, 99.0 id,  0.0 wa,  0.0 hi,  0.0 si,  0.0 st
KiB Mem :   949580 total,   246412 free,   192708 used,   510460 buff/cache
KiB Swap:   102396 total,    96512 free,     5884 used.   663664 avail Mem 

  PID USER      PR  NI    VIRT    RES    SHR S  %CPU %MEM     TIME+ COMMAND
 3695 pi        20   0   23000   2712   2472 S   3.9  0.3   0:00.15 requester

top - 15:30:59 up  6:49,  3 users,  load average: 0.01, 0.03, 0.00
Tasks:   1 total,   0 running,   1 sleeping,   0 stopped,   0 zombie
%Cpu(s):  0.5 us,  2.5 sy,  0.0 ni, 97.0 id,  0.0 wa,  0.0 hi,  0.0 si,  0.0 st
KiB Mem :   949580 total,   246412 free,   192708 used,   510460 buff/cache
KiB Swap:   102396 total,    96512 free,     5884 used.   663664 avail Mem 

  PID USER      PR  NI    VIRT    RES    SHR S  %CPU %MEM     TIME+ COMMAND
 3695 pi        20   0   23000   2712   2472 S   2.0  0.3   0:00.16 requester

top - 15:31:00 up  6:49,  3 users,  load average: 0.01, 0.03, 0.00
Tasks:   1 total,   0 running,   1 sleeping,   0 stopped,   0 zombie
%Cpu(s):  0.0 us,  0.5 sy,  0.0 ni, 99.5 id,  0.0 wa,  0.0 hi,  0.0 si,  0.0 st
KiB Mem :   949580 total,   246420 free,   192664 used,   510496 buff/cache
KiB Swap:   102396 total,    96512 free,     5884 used.   663692 avail Mem 

  PID USER      PR  NI    VIRT    RES    SHR S  %CPU %MEM     TIME+ COMMAND
 3695 pi        20   0   23000   2712   2472 S   2.0  0.3   0:00.17 requester

top - 15:31:00 up  6:49,  3 users,  load average: 0.01, 0.03, 0.00
Tasks:   1 total,   0 running,   1 sleeping,   0 stopped,   0 zombie
%Cpu(s):  0.5 us,  1.0 sy,  0.0 ni, 98.0 id,  0.0 wa,  0.0 hi,  0.5 si,  0.0 st
KiB Mem :   949580 total,   246420 free,   192664 used,   510496 buff/cache
KiB Swap:   102396 total,    96512 free,     5884 used.   663692 avail Mem 

  PID USER      PR  NI    VIRT    RES    SHR S  %CPU %MEM     TIME+ COMMAND
 3695 pi        20   0   23000   2712   2472 S   3.9  0.3   0:00.19 requester

top - 15:31:01 up  6:49,  3 users,  load average: 0.01, 0.03, 0.00
Tasks:   1 total,   0 running,   1 sleeping,   0 stopped,   0 zombie
%Cpu(s):  1.5 us,  0.0 sy,  0.0 ni, 98.5 id,  0.0 wa,  0.0 hi,  0.0 si,  0.0 st
KiB Mem :   949580 total,   246420 free,   192664 used,   510496 buff/cache
KiB Swap:   102396 total,    96512 free,     5884 used.   663692 avail Mem 

  PID USER      PR  NI    VIRT    RES    SHR S  %CPU %MEM     TIME+ COMMAND
 3695 pi        20   0   23000   2712   2472 S   2.0  0.3   0:00.20 requester

top - 15:31:01 up  6:49,  3 users,  load average: 0.01, 0.03, 0.00
Tasks:   1 total,   0 running,   1 sleeping,   0 stopped,   0 zombie
%Cpu(s):  2.5 us,  3.0 sy,  0.0 ni, 94.5 id,  0.0 wa,  0.0 hi,  0.0 si,  0.0 st
KiB Mem :   949580 total,   246420 free,   192664 used,   510496 buff/cache
KiB Swap:   102396 total,    96512 free,     5884 used.   663692 avail Mem 

  PID USER      PR  NI    VIRT    RES    SHR S  %CPU %MEM     TIME+ COMMAND
 3695 pi        20   0   23000   2712   2472 S   2.0  0.3   0:00.21 requester

top - 15:31:02 up  6:49,  3 users,  load average: 0.01, 0.03, 0.00
Tasks:   1 total,   0 running,   1 sleeping,   0 stopped,   0 zombie
%Cpu(s):  0.5 us,  1.5 sy,  0.0 ni, 97.0 id,  0.0 wa,  0.0 hi,  1.0 si,  0.0 st
KiB Mem :   949580 total,   246420 free,   192664 used,   510496 buff/cache
KiB Swap:   102396 total,    96512 free,     5884 used.   663692 avail Mem 

  PID USER      PR  NI    VIRT    RES    SHR S  %CPU %MEM     TIME+ COMMAND
 3695 pi        20   0   23000   2712   2472 S   4.0  0.3   0:00.23 requester

top - 15:31:02 up  6:49,  3 users,  load average: 0.01, 0.03, 0.00
Tasks:   1 total,   0 running,   1 sleeping,   0 stopped,   0 zombie
%Cpu(s):  1.0 us,  1.5 sy,  0.0 ni, 97.5 id,  0.0 wa,  0.0 hi,  0.0 si,  0.0 st
KiB Mem :   949580 total,   246420 free,   192664 used,   510496 buff/cache
KiB Swap:   102396 total,    96512 free,     5884 used.   663692 avail Mem 

  PID USER      PR  NI    VIRT    RES    SHR S  %CPU %MEM     TIME+ COMMAND
 3695 pi        20   0   23000   2712   2472 S   2.0  0.3   0:00.24 requester

top - 15:31:03 up  6:49,  3 users,  load average: 0.01, 0.03, 0.00
Tasks:   1 total,   0 running,   1 sleeping,   0 stopped,   0 zombie
%Cpu(s):  2.0 us,  2.0 sy,  0.0 ni, 95.0 id,  0.0 wa,  0.0 hi,  1.0 si,  0.0 st
KiB Mem :   949580 total,   246356 free,   192712 used,   510512 buff/cache
KiB Swap:   102396 total,    96512 free,     5884 used.   663628 avail Mem 

  PID USER      PR  NI    VIRT    RES    SHR S  %CPU %MEM     TIME+ COMMAND
 3695 pi        20   0   23000   2712   2472 S   4.0  0.3   0:00.26 requester

top - 15:31:03 up  6:49,  3 users,  load average: 0.01, 0.03, 0.00
Tasks:   1 total,   0 running,   1 sleeping,   0 stopped,   0 zombie
%Cpu(s):  0.0 us,  0.5 sy,  0.0 ni, 99.5 id,  0.0 wa,  0.0 hi,  0.0 si,  0.0 st
KiB Mem :   949580 total,   246356 free,   192712 used,   510512 buff/cache
KiB Swap:   102396 total,    96512 free,     5884 used.   663628 avail Mem 

  PID USER      PR  NI    VIRT    RES    SHR S  %CPU %MEM     TIME+ COMMAND
 3695 pi        20   0   23000   2712   2472 S   2.0  0.3   0:00.27 requester

top - 15:31:04 up  6:49,  3 users,  load average: 0.01, 0.03, 0.00
Tasks:   1 total,   0 running,   1 sleeping,   0 stopped,   0 zombie
%Cpu(s):  0.0 us,  1.5 sy,  0.0 ni, 98.5 id,  0.0 wa,  0.0 hi,  0.0 si,  0.0 st
KiB Mem :   949580 total,   246356 free,   192712 used,   510512 buff/cache
KiB Swap:   102396 total,    96512 free,     5884 used.   663628 avail Mem 

  PID USER      PR  NI    VIRT    RES    SHR S  %CPU %MEM     TIME+ COMMAND
 3695 pi        20   0   23000   2712   2472 S   2.0  0.3   0:00.28 requester

top - 15:31:04 up  6:49,  3 users,  load average: 0.01, 0.03, 0.00
Tasks:   1 total,   0 running,   1 sleeping,   0 stopped,   0 zombie
%Cpu(s):  1.0 us,  1.5 sy,  0.0 ni, 96.0 id,  0.0 wa,  0.0 hi,  1.5 si,  0.0 st
KiB Mem :   949580 total,   246356 free,   192712 used,   510512 buff/cache
KiB Swap:   102396 total,    96512 free,     5884 used.   663628 avail Mem 

  PID USER      PR  NI    VIRT    RES    SHR S  %CPU %MEM     TIME+ COMMAND
 3695 pi        20   0   23000   2712   2472 S   4.0  0.3   0:00.30 requester

top - 15:31:05 up  6:49,  3 users,  load average: 0.01, 0.03, 0.00
Tasks:   1 total,   0 running,   1 sleeping,   0 stopped,   0 zombie
%Cpu(s):  0.0 us,  1.5 sy,  0.0 ni, 98.5 id,  0.0 wa,  0.0 hi,  0.0 si,  0.0 st
KiB Mem :   949580 total,   246356 free,   192712 used,   510512 buff/cache
KiB Swap:   102396 total,    96512 free,     5884 used.   663628 avail Mem 

  PID USER      PR  NI    VIRT    RES    SHR S  %CPU %MEM     TIME+ COMMAND
 3695 pi        20   0   23000   2712   2472 S   4.0  0.3   0:00.32 requester

top - 15:31:05 up  6:49,  3 users,  load average: 0.01, 0.03, 0.00
Tasks:   1 total,   0 running,   1 sleeping,   0 stopped,   0 zombie
%Cpu(s):  0.0 us,  0.5 sy,  0.0 ni, 99.5 id,  0.0 wa,  0.0 hi,  0.0 si,  0.0 st
KiB Mem :   949580 total,   246356 free,   192712 used,   510512 buff/cache
KiB Swap:   102396 total,    96512 free,     5884 used.   663628 avail Mem 

  PID USER      PR  NI    VIRT    RES    SHR S  %CPU %MEM     TIME+ COMMAND
 3695 pi        20   0   23000   2712   2472 S   2.0  0.3   0:00.33 requester

top - 15:31:06 up  6:49,  3 users,  load average: 0.01, 0.03, 0.00
Tasks:   1 total,   0 running,   1 sleeping,   0 stopped,   0 zombie
%Cpu(s):  0.0 us,  2.0 sy,  0.0 ni, 98.0 id,  0.0 wa,  0.0 hi,  0.0 si,  0.0 st
KiB Mem :   949580 total,   246420 free,   192620 used,   510540 buff/cache
KiB Swap:   102396 total,    96512 free,     5884 used.   663692 avail Mem 

  PID USER      PR  NI    VIRT    RES    SHR S  %CPU %MEM     TIME+ COMMAND
 3695 pi        20   0   23000   2712   2472 S   2.0  0.3   0:00.34 requester

top - 15:31:06 up  6:49,  3 users,  load average: 0.01, 0.03, 0.00
Tasks:   1 total,   0 running,   1 sleeping,   0 stopped,   0 zombie
%Cpu(s):  3.1 us,  1.5 sy,  0.0 ni, 95.4 id,  0.0 wa,  0.0 hi,  0.0 si,  0.0 st
KiB Mem :   949580 total,   246420 free,   192620 used,   510540 buff/cache
KiB Swap:   102396 total,    96512 free,     5884 used.   663692 avail Mem 

  PID USER      PR  NI    VIRT    RES    SHR S  %CPU %MEM     TIME+ COMMAND
 3695 pi        20   0   23000   2712   2472 S   4.0  0.3   0:00.36 requester

top - 15:31:07 up  6:49,  3 users,  load average: 0.01, 0.03, 0.00
Tasks:   1 total,   0 running,   1 sleeping,   0 stopped,   0 zombie
%Cpu(s):  0.0 us,  1.5 sy,  0.0 ni, 98.5 id,  0.0 wa,  0.0 hi,  0.0 si,  0.0 st
KiB Mem :   949580 total,   246420 free,   192620 used,   510540 buff/cache
KiB Swap:   102396 total,    96512 free,     5884 used.   663692 avail Mem 

  PID USER      PR  NI    VIRT    RES    SHR S  %CPU %MEM     TIME+ COMMAND
 3695 pi        20   0   23000   2712   2472 S   2.0  0.3   0:00.37 requester

top - 15:31:07 up  6:49,  3 users,  load average: 0.01, 0.03, 0.00
Tasks:   1 total,   0 running,   1 sleeping,   0 stopped,   0 zombie
%Cpu(s):  0.0 us,  1.5 sy,  0.0 ni, 98.5 id,  0.0 wa,  0.0 hi,  0.0 si,  0.0 st
KiB Mem :   949580 total,   246420 free,   192620 used,   510540 buff/cache
KiB Swap:   102396 total,    96512 free,     5884 used.   663692 avail Mem 

  PID USER      PR  NI    VIRT    RES    SHR S  %CPU %MEM     TIME+ COMMAND
 3695 pi        20   0   23000   2712   2472 S   4.0  0.3   0:00.39 requester

top - 15:31:08 up  6:49,  3 users,  load average: 0.01, 0.03, 0.00
Tasks:   1 total,   0 running,   1 sleeping,   0 stopped,   0 zombie
%Cpu(s):  0.0 us,  3.1 sy,  0.0 ni, 96.9 id,  0.0 wa,  0.0 hi,  0.0 si,  0.0 st
KiB Mem :   949580 total,   246420 free,   192620 used,   510540 buff/cache
KiB Swap:   102396 total,    96512 free,     5884 used.   663692 avail Mem 

  PID USER      PR  NI    VIRT    RES    SHR S  %CPU %MEM     TIME+ COMMAND
 3695 pi        20   0   23000   2712   2472 S   2.0  0.3   0:00.40 requester

top - 15:31:08 up  6:49,  3 users,  load average: 0.01, 0.03, 0.00
Tasks:   1 total,   0 running,   1 sleeping,   0 stopped,   0 zombie
%Cpu(s):  0.0 us,  2.0 sy,  0.0 ni, 97.5 id,  0.0 wa,  0.0 hi,  0.5 si,  0.0 st
KiB Mem :   949580 total,   246420 free,   192620 used,   510540 buff/cache
KiB Swap:   102396 total,    96512 free,     5884 used.   663692 avail Mem 

  PID USER      PR  NI    VIRT    RES    SHR S  %CPU %MEM     TIME+ COMMAND
 3695 pi        20   0   23000   2712   2472 S   2.0  0.3   0:00.41 requester

top - 15:31:09 up  6:49,  3 users,  load average: 0.01, 0.03, 0.00
Tasks:   1 total,   0 running,   1 sleeping,   0 stopped,   0 zombie
%Cpu(s):  0.0 us,  1.5 sy,  0.0 ni, 97.0 id,  0.0 wa,  0.0 hi,  1.5 si,  0.0 st
KiB Mem :   949580 total,   246428 free,   192604 used,   510548 buff/cache
KiB Swap:   102396 total,    96512 free,     5884 used.   663708 avail Mem 

  PID USER      PR  NI    VIRT    RES    SHR S  %CPU %MEM     TIME+ COMMAND
 3695 pi        20   0   23000   2712   2472 S   4.0  0.3   0:00.43 requester

top - 15:31:09 up  6:49,  3 users,  load average: 0.01, 0.03, 0.00
Tasks:   1 total,   0 running,   1 sleeping,   0 stopped,   0 zombie
%Cpu(s):  0.5 us,  1.5 sy,  0.0 ni, 97.0 id,  0.0 wa,  0.0 hi,  1.0 si,  0.0 st
KiB Mem :   949580 total,   246428 free,   192604 used,   510548 buff/cache
KiB Swap:   102396 total,    96512 free,     5884 used.   663708 avail Mem 

  PID USER      PR  NI    VIRT    RES    SHR S  %CPU %MEM     TIME+ COMMAND
 3695 pi        20   0   23000   2712   2472 S   3.9  0.3   0:00.45 requester

top - 15:31:10 up  6:49,  3 users,  load average: 0.01, 0.03, 0.00
Tasks:   1 total,   0 running,   1 sleeping,   0 stopped,   0 zombie
%Cpu(s):  1.5 us,  1.0 sy,  0.0 ni, 97.5 id,  0.0 wa,  0.0 hi,  0.0 si,  0.0 st
KiB Mem :   949580 total,   246428 free,   192604 used,   510548 buff/cache
KiB Swap:   102396 total,    96512 free,     5884 used.   663708 avail Mem 

  PID USER      PR  NI    VIRT    RES    SHR S  %CPU %MEM     TIME+ COMMAND
 3695 pi        20   0   23000   2712   2472 S   2.0  0.3   0:00.46 requester

top - 15:31:10 up  6:49,  3 users,  load average: 0.01, 0.03, 0.00
Tasks:   1 total,   0 running,   1 sleeping,   0 stopped,   0 zombie
%Cpu(s):  1.0 us,  0.0 sy,  0.0 ni, 99.0 id,  0.0 wa,  0.0 hi,  0.0 si,  0.0 st
KiB Mem :   949580 total,   246428 free,   192604 used,   510548 buff/cache
KiB Swap:   102396 total,    96512 free,     5884 used.   663708 avail Mem 

  PID USER      PR  NI    VIRT    RES    SHR S  %CPU %MEM     TIME+ COMMAND
 3695 pi        20   0   23000   2712   2472 S   4.0  0.3   0:00.48 requester

top - 15:31:11 up  6:49,  3 users,  load average: 0.01, 0.03, 0.00
Tasks:   1 total,   0 running,   1 sleeping,   0 stopped,   0 zombie
%Cpu(s):  0.5 us,  1.5 sy,  0.0 ni, 97.0 id,  0.5 wa,  0.0 hi,  0.5 si,  0.0 st
KiB Mem :   949580 total,   246428 free,   192604 used,   510548 buff/cache
KiB Swap:   102396 total,    96512 free,     5884 used.   663708 avail Mem 

  PID USER      PR  NI    VIRT    RES    SHR S  %CPU %MEM     TIME+ COMMAND
 3695 pi        20   0   23000   2712   2472 S   2.0  0.3   0:00.49 requester

top - 15:31:11 up  6:49,  3 users,  load average: 0.01, 0.03, 0.00
Tasks:   1 total,   0 running,   1 sleeping,   0 stopped,   0 zombie
%Cpu(s):  1.0 us,  1.0 sy,  0.0 ni, 98.0 id,  0.0 wa,  0.0 hi,  0.0 si,  0.0 st
KiB Mem :   949580 total,   246428 free,   192604 used,   510548 buff/cache
KiB Swap:   102396 total,    96512 free,     5884 used.   663708 avail Mem 

  PID USER      PR  NI    VIRT    RES    SHR S  %CPU %MEM     TIME+ COMMAND
 3695 pi        20   0   23000   2712   2472 S   0.0  0.3   0:00.49 requester

top - 15:31:12 up  6:49,  3 users,  load average: 0.01, 0.03, 0.00
Tasks:   1 total,   0 running,   1 sleeping,   0 stopped,   0 zombie
%Cpu(s):  0.0 us,  1.0 sy,  0.0 ni, 99.0 id,  0.0 wa,  0.0 hi,  0.0 si,  0.0 st
KiB Mem :   949580 total,   246356 free,   192656 used,   510568 buff/cache
KiB Swap:   102396 total,    96512 free,     5884 used.   663636 avail Mem 

  PID USER      PR  NI    VIRT    RES    SHR S  %CPU %MEM     TIME+ COMMAND
 3695 pi        20   0   23000   2712   2472 S   2.0  0.3   0:00.50 requester

top - 15:31:12 up  6:49,  3 users,  load average: 0.01, 0.03, 0.00
Tasks:   1 total,   0 running,   1 sleeping,   0 stopped,   0 zombie
%Cpu(s):  3.0 us,  0.5 sy,  0.0 ni, 96.4 id,  0.0 wa,  0.0 hi,  0.0 si,  0.0 st
KiB Mem :   949580 total,   246356 free,   192656 used,   510568 buff/cache
KiB Swap:   102396 total,    96512 free,     5884 used.   663636 avail Mem 

  PID USER      PR  NI    VIRT    RES    SHR S  %CPU %MEM     TIME+ COMMAND
 3695 pi        20   0   23000   2712   2472 S   0.0  0.3   0:00.50 requester

top - 15:31:13 up  6:49,  3 users,  load average: 0.01, 0.03, 0.00
Tasks:   1 total,   0 running,   1 sleeping,   0 stopped,   0 zombie
%Cpu(s):  2.0 us,  2.0 sy,  0.0 ni, 95.5 id,  0.0 wa,  0.0 hi,  0.5 si,  0.0 st
KiB Mem :   949580 total,   246356 free,   192656 used,   510568 buff/cache
KiB Swap:   102396 total,    96512 free,     5884 used.   663636 avail Mem 

  PID USER      PR  NI    VIRT    RES    SHR S  %CPU %MEM     TIME+ COMMAND
 3695 pi        20   0   23000   2712   2472 S   3.9  0.3   0:00.52 requester

top - 15:31:13 up  6:49,  3 users,  load average: 0.01, 0.03, 0.00
Tasks:   1 total,   0 running,   1 sleeping,   0 stopped,   0 zombie
%Cpu(s):  0.0 us,  1.5 sy,  0.0 ni, 98.5 id,  0.0 wa,  0.0 hi,  0.0 si,  0.0 st
KiB Mem :   949580 total,   246356 free,   192656 used,   510568 buff/cache
KiB Swap:   102396 total,    96512 free,     5884 used.   663636 avail Mem 

  PID USER      PR  NI    VIRT    RES    SHR S  %CPU %MEM     TIME+ COMMAND
 3695 pi        20   0   23000   2712   2472 S   4.0  0.3   0:00.54 requester

top - 15:31:14 up  6:49,  3 users,  load average: 0.01, 0.03, 0.00
Tasks:   1 total,   0 running,   1 sleeping,   0 stopped,   0 zombie
%Cpu(s):  0.5 us,  2.0 sy,  0.0 ni, 97.5 id,  0.0 wa,  0.0 hi,  0.0 si,  0.0 st
KiB Mem :   949580 total,   246356 free,   192656 used,   510568 buff/cache
KiB Swap:   102396 total,    96512 free,     5884 used.   663636 avail Mem 

  PID USER      PR  NI    VIRT    RES    SHR S  %CPU %MEM     TIME+ COMMAND
 3695 pi        20   0   23000   2712   2472 S   2.0  0.3   0:00.55 requester

top - 15:31:14 up  6:49,  3 users,  load average: 0.01, 0.03, 0.00
Tasks:   1 total,   0 running,   1 sleeping,   0 stopped,   0 zombie
%Cpu(s):  1.5 us,  1.5 sy,  0.0 ni, 96.5 id,  0.0 wa,  0.0 hi,  0.5 si,  0.0 st
KiB Mem :   949580 total,   246356 free,   192656 used,   510568 buff/cache
KiB Swap:   102396 total,    96512 free,     5884 used.   663636 avail Mem 

  PID USER      PR  NI    VIRT    RES    SHR S  %CPU %MEM     TIME+ COMMAND
 3695 pi        20   0   23000   2712   2472 S   2.0  0.3   0:00.56 requester

top - 15:31:15 up  6:49,  3 users,  load average: 0.01, 0.03, 0.00
Tasks:   1 total,   0 running,   1 sleeping,   0 stopped,   0 zombie
%Cpu(s):  0.5 us,  1.0 sy,  0.0 ni, 98.5 id,  0.0 wa,  0.0 hi,  0.0 si,  0.0 st
KiB Mem :   949580 total,   246388 free,   192604 used,   510588 buff/cache
KiB Swap:   102396 total,    96512 free,     5884 used.   663780 avail Mem 

  PID USER      PR  NI    VIRT    RES    SHR S  %CPU %MEM     TIME+ COMMAND
 3695 pi        20   0   23000   2712   2472 S   3.9  0.3   0:00.58 requester

top - 15:31:15 up  6:49,  3 users,  load average: 0.01, 0.03, 0.00
Tasks:   1 total,   0 running,   1 sleeping,   0 stopped,   0 zombie
%Cpu(s):  0.0 us,  0.5 sy,  0.0 ni, 99.0 id,  0.0 wa,  0.0 hi,  0.5 si,  0.0 st
KiB Mem :   949580 total,   246388 free,   192604 used,   510588 buff/cache
KiB Swap:   102396 total,    96512 free,     5884 used.   663780 avail Mem 

  PID USER      PR  NI    VIRT    RES    SHR S  %CPU %MEM     TIME+ COMMAND
 3695 pi        20   0   23000   2712   2472 S   2.0  0.3   0:00.59 requester

top - 15:31:16 up  6:49,  3 users,  load average: 0.01, 0.03, 0.00
Tasks:   1 total,   0 running,   1 sleeping,   0 stopped,   0 zombie
%Cpu(s):  0.5 us,  0.5 sy,  0.0 ni, 99.0 id,  0.0 wa,  0.0 hi,  0.0 si,  0.0 st
KiB Mem :   949580 total,   246388 free,   192604 used,   510588 buff/cache
KiB Swap:   102396 total,    96512 free,     5884 used.   663780 avail Mem 

  PID USER      PR  NI    VIRT    RES    SHR S  %CPU %MEM     TIME+ COMMAND
 3695 pi        20   0   23000   2712   2472 S   4.0  0.3   0:00.61 requester

top - 15:31:16 up  6:49,  3 users,  load average: 0.01, 0.03, 0.00
Tasks:   1 total,   0 running,   1 sleeping,   0 stopped,   0 zombie
%Cpu(s):  2.0 us,  1.5 sy,  0.0 ni, 96.0 id,  0.5 wa,  0.0 hi,  0.0 si,  0.0 st
KiB Mem :   949580 total,   246388 free,   192604 used,   510588 buff/cache
KiB Swap:   102396 total,    96512 free,     5884 used.   663780 avail Mem 

  PID USER      PR  NI    VIRT    RES    SHR S  %CPU %MEM     TIME+ COMMAND
 3695 pi        20   0   23000   2712   2472 S   2.0  0.3   0:00.62 requester

top - 15:31:17 up  6:49,  3 users,  load average: 0.01, 0.03, 0.00
Tasks:   1 total,   0 running,   1 sleeping,   0 stopped,   0 zombie
%Cpu(s):  0.5 us,  0.0 sy,  0.0 ni, 99.5 id,  0.0 wa,  0.0 hi,  0.0 si,  0.0 st
KiB Mem :   949580 total,   246388 free,   192604 used,   510588 buff/cache
KiB Swap:   102396 total,    96512 free,     5884 used.   663780 avail Mem 

  PID USER      PR  NI    VIRT    RES    SHR S  %CPU %MEM     TIME+ COMMAND
 3695 pi        20   0   23000   2712   2472 S   4.0  0.3   0:00.64 requester

top - 15:31:17 up  6:49,  3 users,  load average: 0.01, 0.03, 0.00
Tasks:   1 total,   0 running,   1 sleeping,   0 stopped,   0 zombie
%Cpu(s):  0.5 us,  1.5 sy,  0.0 ni, 98.0 id,  0.0 wa,  0.0 hi,  0.0 si,  0.0 st
KiB Mem :   949580 total,   246388 free,   192604 used,   510588 buff/cache
KiB Swap:   102396 total,    96512 free,     5884 used.   663780 avail Mem 

  PID USER      PR  NI    VIRT    RES    SHR S  %CPU %MEM     TIME+ COMMAND
 3695 pi        20   0   23000   2712   2472 S   2.0  0.3   0:00.65 requester

top - 15:31:18 up  6:49,  3 users,  load average: 0.01, 0.03, 0.00
Tasks:   1 total,   0 running,   1 sleeping,   0 stopped,   0 zombie
%Cpu(s):  1.0 us,  1.5 sy,  0.0 ni, 97.0 id,  0.0 wa,  0.0 hi,  0.5 si,  0.0 st
KiB Mem :   949580 total,   246348 free,   192608 used,   510624 buff/cache
KiB Swap:   102396 total,    96512 free,     5884 used.   663752 avail Mem 

  PID USER      PR  NI    VIRT    RES    SHR S  %CPU %MEM     TIME+ COMMAND
 3695 pi        20   0   23000   2712   2472 S   2.0  0.3   0:00.66 requester

top - 15:31:18 up  6:49,  3 users,  load average: 0.01, 0.03, 0.00
Tasks:   1 total,   1 running,   0 sleeping,   0 stopped,   0 zombie
%Cpu(s):  0.5 us,  0.0 sy,  0.0 ni, 99.0 id,  0.0 wa,  0.0 hi,  0.5 si,  0.0 st
KiB Mem :   949580 total,   246348 free,   192608 used,   510624 buff/cache
KiB Swap:   102396 total,    96512 free,     5884 used.   663752 avail Mem 

  PID USER      PR  NI    VIRT    RES    SHR S  %CPU %MEM     TIME+ COMMAND
 3695 pi        20   0   23000   2712   2472 R   2.0  0.3   0:00.67 requester

top - 15:31:19 up  6:49,  3 users,  load average: 0.01, 0.03, 0.00
Tasks:   1 total,   0 running,   1 sleeping,   0 stopped,   0 zombie
%Cpu(s):  0.5 us,  1.5 sy,  0.0 ni, 98.0 id,  0.0 wa,  0.0 hi,  0.0 si,  0.0 st
KiB Mem :   949580 total,   246348 free,   192608 used,   510624 buff/cache
KiB Swap:   102396 total,    96512 free,     5884 used.   663752 avail Mem 

  PID USER      PR  NI    VIRT    RES    SHR S  %CPU %MEM     TIME+ COMMAND
 3695 pi        20   0   23000   2712   2472 S   4.0  0.3   0:00.69 requester

top - 15:31:19 up  6:49,  3 users,  load average: 0.01, 0.03, 0.00
Tasks:   1 total,   0 running,   1 sleeping,   0 stopped,   0 zombie
%Cpu(s):  0.5 us,  1.5 sy,  0.0 ni, 98.0 id,  0.0 wa,  0.0 hi,  0.0 si,  0.0 st
KiB Mem :   949580 total,   246348 free,   192608 used,   510624 buff/cache
KiB Swap:   102396 total,    96512 free,     5884 used.   663752 avail Mem 

  PID USER      PR  NI    VIRT    RES    SHR S  %CPU %MEM     TIME+ COMMAND
 3695 pi        20   0   23000   2712   2472 S   2.0  0.3   0:00.70 requester

top - 15:31:20 up  6:49,  3 users,  load average: 0.01, 0.03, 0.00
Tasks:   1 total,   0 running,   1 sleeping,   0 stopped,   0 zombie
%Cpu(s):  0.5 us,  0.5 sy,  0.0 ni, 99.0 id,  0.0 wa,  0.0 hi,  0.0 si,  0.0 st
KiB Mem :   949580 total,   246348 free,   192608 used,   510624 buff/cache
KiB Swap:   102396 total,    96512 free,     5884 used.   663752 avail Mem 

  PID USER      PR  NI    VIRT    RES    SHR S  %CPU %MEM     TIME+ COMMAND
 3695 pi        20   0   23000   2712   2472 S   2.0  0.3   0:00.71 requester

top - 15:31:20 up  6:49,  3 users,  load average: 0.01, 0.03, 0.00
Tasks:   1 total,   0 running,   1 sleeping,   0 stopped,   0 zombie
%Cpu(s):  0.5 us,  2.0 sy,  0.0 ni, 97.5 id,  0.0 wa,  0.0 hi,  0.0 si,  0.0 st
KiB Mem :   949580 total,   246348 free,   192608 used,   510624 buff/cache
KiB Swap:   102396 total,    96512 free,     5884 used.   663752 avail Mem 

  PID USER      PR  NI    VIRT    RES    SHR S  %CPU %MEM     TIME+ COMMAND
 3695 pi        20   0   23000   2712   2472 S   4.0  0.3   0:00.73 requester

top - 15:31:21 up  6:49,  3 users,  load average: 0.01, 0.03, 0.00
Tasks:   1 total,   0 running,   1 sleeping,   0 stopped,   0 zombie
%Cpu(s):  1.0 us,  0.5 sy,  0.0 ni, 98.5 id,  0.0 wa,  0.0 hi,  0.0 si,  0.0 st
KiB Mem :   949580 total,   246412 free,   192532 used,   510636 buff/cache
KiB Swap:   102396 total,    96512 free,     5884 used.   663828 avail Mem 

  PID USER      PR  NI    VIRT    RES    SHR S  %CPU %MEM     TIME+ COMMAND
 3695 pi        20   0   23000   2712   2472 S   2.0  0.3   0:00.74 requester

top - 15:31:21 up  6:49,  3 users,  load average: 0.01, 0.03, 0.00
Tasks:   1 total,   0 running,   1 sleeping,   0 stopped,   0 zombie
%Cpu(s):  1.5 us,  1.5 sy,  0.0 ni, 96.5 id,  0.0 wa,  0.0 hi,  0.5 si,  0.0 st
KiB Mem :   949580 total,   246412 free,   192532 used,   510636 buff/cache
KiB Swap:   102396 total,    96512 free,     5884 used.   663828 avail Mem 

  PID USER      PR  NI    VIRT    RES    SHR S  %CPU %MEM     TIME+ COMMAND
 3695 pi        20   0   23000   2712   2472 S   4.0  0.3   0:00.76 requester

top - 15:31:22 up  6:49,  3 users,  load average: 0.01, 0.03, 0.00
Tasks:   1 total,   0 running,   1 sleeping,   0 stopped,   0 zombie
%Cpu(s):  1.0 us,  2.5 sy,  0.0 ni, 95.6 id,  0.0 wa,  0.0 hi,  1.0 si,  0.0 st
KiB Mem :   949580 total,   246412 free,   192532 used,   510636 buff/cache
KiB Swap:   102396 total,    96512 free,     5884 used.   663828 avail Mem 

  PID USER      PR  NI    VIRT    RES    SHR S  %CPU %MEM     TIME+ COMMAND
 3695 pi        20   0   23000   2712   2472 S   2.0  0.3   0:00.77 requester

top - 15:31:22 up  6:49,  3 users,  load average: 0.01, 0.03, 0.00
Tasks:   1 total,   0 running,   1 sleeping,   0 stopped,   0 zombie
%Cpu(s):  0.5 us,  1.0 sy,  0.0 ni, 98.5 id,  0.0 wa,  0.0 hi,  0.0 si,  0.0 st
KiB Mem :   949580 total,   246412 free,   192532 used,   510636 buff/cache
KiB Swap:   102396 total,    96512 free,     5884 used.   663828 avail Mem 

  PID USER      PR  NI    VIRT    RES    SHR S  %CPU %MEM     TIME+ COMMAND
 3695 pi        20   0   23000   2712   2472 S   4.0  0.3   0:00.79 requester

top - 15:31:23 up  6:49,  3 users,  load average: 0.01, 0.03, 0.00
Tasks:   1 total,   0 running,   1 sleeping,   0 stopped,   0 zombie
%Cpu(s):  0.5 us,  2.5 sy,  0.0 ni, 96.4 id,  0.0 wa,  0.0 hi,  0.5 si,  0.0 st
KiB Mem :   949580 total,   246412 free,   192532 used,   510636 buff/cache
KiB Swap:   102396 total,    96512 free,     5884 used.   663828 avail Mem 

  PID USER      PR  NI    VIRT    RES    SHR S  %CPU %MEM     TIME+ COMMAND
 3695 pi        20   0   23000   2712   2472 S   2.0  0.3   0:00.80 requester

top - 15:31:23 up  6:49,  3 users,  load average: 0.01, 0.03, 0.00
Tasks:   1 total,   0 running,   1 sleeping,   0 stopped,   0 zombie
%Cpu(s):  0.0 us,  1.0 sy,  0.0 ni, 97.5 id,  0.0 wa,  0.0 hi,  1.5 si,  0.0 st
KiB Mem :   949580 total,   246412 free,   192532 used,   510636 buff/cache
KiB Swap:   102396 total,    96512 free,     5884 used.   663828 avail Mem 

  PID USER      PR  NI    VIRT    RES    SHR S  %CPU %MEM     TIME+ COMMAND
 3695 pi        20   0   23000   2712   2472 S   4.0  0.3   0:00.82 requester

top - 15:31:24 up  6:49,  3 users,  load average: 0.01, 0.03, 0.00
Tasks:   1 total,   0 running,   1 sleeping,   0 stopped,   0 zombie
%Cpu(s):  0.0 us,  1.0 sy,  0.0 ni, 98.5 id,  0.0 wa,  0.0 hi,  0.5 si,  0.0 st
KiB Mem :   949580 total,   246420 free,   192488 used,   510672 buff/cache
KiB Swap:   102396 total,    96512 free,     5884 used.   663844 avail Mem 

  PID USER      PR  NI    VIRT    RES    SHR S  %CPU %MEM     TIME+ COMMAND
 3695 pi        20   0   23000   2712   2472 S   2.0  0.3   0:00.83 requester

top - 15:31:24 up  6:49,  3 users,  load average: 0.01, 0.03, 0.00
Tasks:   1 total,   0 running,   1 sleeping,   0 stopped,   0 zombie
%Cpu(s):  0.0 us,  0.5 sy,  0.0 ni, 99.0 id,  0.0 wa,  0.0 hi,  0.5 si,  0.0 st
KiB Mem :   949580 total,   246420 free,   192488 used,   510672 buff/cache
KiB Swap:   102396 total,    96512 free,     5884 used.   663844 avail Mem 

  PID USER      PR  NI    VIRT    RES    SHR S  %CPU %MEM     TIME+ COMMAND
 3695 pi        20   0   23000   2712   2472 S   2.0  0.3   0:00.84 requester

top - 15:31:25 up  6:49,  3 users,  load average: 0.01, 0.03, 0.00
Tasks:   1 total,   0 running,   1 sleeping,   0 stopped,   0 zombie
%Cpu(s):  1.0 us,  1.0 sy,  0.0 ni, 98.0 id,  0.0 wa,  0.0 hi,  0.0 si,  0.0 st
KiB Mem :   949580 total,   246420 free,   192488 used,   510672 buff/cache
KiB Swap:   102396 total,    96512 free,     5884 used.   663844 avail Mem 

  PID USER      PR  NI    VIRT    RES    SHR S  %CPU %MEM     TIME+ COMMAND
 3695 pi        20   0   23000   2712   2472 S   2.0  0.3   0:00.85 requester

top - 15:31:25 up  6:49,  3 users,  load average: 0.01, 0.03, 0.00
Tasks:   1 total,   0 running,   1 sleeping,   0 stopped,   0 zombie
%Cpu(s):  1.0 us,  0.5 sy,  0.0 ni, 98.5 id,  0.0 wa,  0.0 hi,  0.0 si,  0.0 st
KiB Mem :   949580 total,   246420 free,   192488 used,   510672 buff/cache
KiB Swap:   102396 total,    96512 free,     5884 used.   663844 avail Mem 

  PID USER      PR  NI    VIRT    RES    SHR S  %CPU %MEM     TIME+ COMMAND
 3695 pi        20   0   23000   2712   2472 S   3.9  0.3   0:00.87 requester

top - 15:31:26 up  6:49,  3 users,  load average: 0.01, 0.03, 0.00
Tasks:   1 total,   0 running,   1 sleeping,   0 stopped,   0 zombie
%Cpu(s):  0.0 us,  1.5 sy,  0.0 ni, 98.0 id,  0.0 wa,  0.0 hi,  0.5 si,  0.0 st
KiB Mem :   949580 total,   246420 free,   192488 used,   510672 buff/cache
KiB Swap:   102396 total,    96512 free,     5884 used.   663844 avail Mem 

  PID USER      PR  NI    VIRT    RES    SHR S  %CPU %MEM     TIME+ COMMAND
 3695 pi        20   0   23000   2712   2472 S   4.0  0.3   0:00.89 requester

top - 15:31:26 up  6:49,  3 users,  load average: 0.01, 0.03, 0.00
Tasks:   1 total,   0 running,   1 sleeping,   0 stopped,   0 zombie
%Cpu(s):  0.5 us,  2.1 sy,  0.0 ni, 97.4 id,  0.0 wa,  0.0 hi,  0.0 si,  0.0 st
KiB Mem :   949580 total,   246420 free,   192488 used,   510672 buff/cache
KiB Swap:   102396 total,    96512 free,     5884 used.   663844 avail Mem 

  PID USER      PR  NI    VIRT    RES    SHR S  %CPU %MEM     TIME+ COMMAND
 3695 pi        20   0   23000   2712   2472 S   2.0  0.3   0:00.90 requester

top - 15:31:27 up  6:49,  3 users,  load average: 0.01, 0.03, 0.00
Tasks:   1 total,   0 running,   1 sleeping,   0 stopped,   0 zombie
%Cpu(s):  0.5 us,  1.5 sy,  0.0 ni, 98.0 id,  0.0 wa,  0.0 hi,  0.0 si,  0.0 st
KiB Mem :   949580 total,   246324 free,   192560 used,   510696 buff/cache
KiB Swap:   102396 total,    96512 free,     5884 used.   663796 avail Mem 

  PID USER      PR  NI    VIRT    RES    SHR S  %CPU %MEM     TIME+ COMMAND
 3695 pi        20   0   23000   2712   2472 S   4.0  0.3   0:00.92 requester

top - 15:31:27 up  6:49,  3 users,  load average: 0.00, 0.03, 0.00
Tasks:   1 total,   0 running,   1 sleeping,   0 stopped,   0 zombie
%Cpu(s):  1.0 us,  3.0 sy,  0.0 ni, 96.0 id,  0.0 wa,  0.0 hi,  0.0 si,  0.0 st
KiB Mem :   949580 total,   246324 free,   192560 used,   510696 buff/cache
KiB Swap:   102396 total,    96512 free,     5884 used.   663796 avail Mem 

  PID USER      PR  NI    VIRT    RES    SHR S  %CPU %MEM     TIME+ COMMAND
 3695 pi        20   0   23000   2712   2472 S   3.9  0.3   0:00.94 requester

top - 15:31:28 up  6:49,  3 users,  load average: 0.00, 0.03, 0.00
Tasks:   1 total,   0 running,   1 sleeping,   0 stopped,   0 zombie
%Cpu(s):  0.5 us,  1.5 sy,  0.0 ni, 97.4 id,  0.0 wa,  0.0 hi,  0.5 si,  0.0 st
KiB Mem :   949580 total,   246324 free,   192560 used,   510696 buff/cache
KiB Swap:   102396 total,    96512 free,     5884 used.   663796 avail Mem 

  PID USER      PR  NI    VIRT    RES    SHR S  %CPU %MEM     TIME+ COMMAND
 3695 pi        20   0   23000   2712   2472 S   2.0  0.3   0:00.95 requester

top - 15:31:28 up  6:49,  3 users,  load average: 0.00, 0.03, 0.00
Tasks:   1 total,   0 running,   1 sleeping,   0 stopped,   0 zombie
%Cpu(s):  0.0 us,  1.0 sy,  0.0 ni, 98.5 id,  0.0 wa,  0.0 hi,  0.5 si,  0.0 st
KiB Mem :   949580 total,   246324 free,   192560 used,   510696 buff/cache
KiB Swap:   102396 total,    96512 free,     5884 used.   663796 avail Mem 

  PID USER      PR  NI    VIRT    RES    SHR S  %CPU %MEM     TIME+ COMMAND
 3695 pi        20   0   23000   2712   2472 S   4.0  0.3   0:00.97 requester

top - 15:31:29 up  6:49,  3 users,  load average: 0.00, 0.03, 0.00
Tasks:   1 total,   0 running,   1 sleeping,   0 stopped,   0 zombie
%Cpu(s):  0.5 us,  2.5 sy,  0.0 ni, 96.5 id,  0.0 wa,  0.0 hi,  0.5 si,  0.0 st
KiB Mem :   949580 total,   246324 free,   192560 used,   510696 buff/cache
KiB Swap:   102396 total,    96512 free,     5884 used.   663796 avail Mem 

  PID USER      PR  NI    VIRT    RES    SHR S  %CPU %MEM     TIME+ COMMAND
 3695 pi        20   0   23000   2712   2472 S   2.0  0.3   0:00.98 requester

top - 15:31:29 up  6:49,  3 users,  load average: 0.00, 0.03, 0.00
Tasks:   1 total,   0 running,   1 sleeping,   0 stopped,   0 zombie
%Cpu(s):  0.5 us,  2.0 sy,  0.0 ni, 97.5 id,  0.0 wa,  0.0 hi,  0.0 si,  0.0 st
KiB Mem :   949580 total,   246324 free,   192560 used,   510696 buff/cache
KiB Swap:   102396 total,    96512 free,     5884 used.   663796 avail Mem 

  PID USER      PR  NI    VIRT    RES    SHR S  %CPU %MEM     TIME+ COMMAND
 3695 pi        20   0   23000   2712   2472 S   3.9  0.3   0:01.00 requester

top - 15:31:30 up  6:49,  3 users,  load average: 0.00, 0.03, 0.00
Tasks:   1 total,   0 running,   1 sleeping,   0 stopped,   0 zombie
%Cpu(s):  0.5 us,  1.5 sy,  0.0 ni, 98.0 id,  0.0 wa,  0.0 hi,  0.0 si,  0.0 st
KiB Mem :   949580 total,   246360 free,   192512 used,   510708 buff/cache
KiB Swap:   102396 total,    96512 free,     5884 used.   663836 avail Mem 

  PID USER      PR  NI    VIRT    RES    SHR S  %CPU %MEM     TIME+ COMMAND
 3695 pi        20   0   23000   2712   2472 S   2.0  0.3   0:01.01 requester

top - 15:31:30 up  6:49,  3 users,  load average: 0.00, 0.03, 0.00
Tasks:   1 total,   0 running,   1 sleeping,   0 stopped,   0 zombie
%Cpu(s):  0.0 us,  1.5 sy,  0.0 ni, 98.0 id,  0.0 wa,  0.0 hi,  0.5 si,  0.0 st
KiB Mem :   949580 total,   246360 free,   192512 used,   510708 buff/cache
KiB Swap:   102396 total,    96512 free,     5884 used.   663836 avail Mem 

  PID USER      PR  NI    VIRT    RES    SHR S  %CPU %MEM     TIME+ COMMAND
 3695 pi        20   0   23000   2712   2472 S   2.0  0.3   0:01.02 requester

top - 15:31:31 up  6:49,  3 users,  load average: 0.00, 0.03, 0.00
Tasks:   1 total,   0 running,   1 sleeping,   0 stopped,   0 zombie
%Cpu(s):  1.5 us,  2.0 sy,  0.0 ni, 96.5 id,  0.0 wa,  0.0 hi,  0.0 si,  0.0 st
KiB Mem :   949580 total,   246360 free,   192512 used,   510708 buff/cache
KiB Swap:   102396 total,    96512 free,     5884 used.   663836 avail Mem 

  PID USER      PR  NI    VIRT    RES    SHR S  %CPU %MEM     TIME+ COMMAND
 3695 pi        20   0   23000   2712   2472 S   3.9  0.3   0:01.04 requester

top - 15:31:31 up  6:49,  3 users,  load average: 0.00, 0.03, 0.00
Tasks:   1 total,   0 running,   1 sleeping,   0 stopped,   0 zombie
%Cpu(s):  0.5 us,  2.0 sy,  0.0 ni, 97.5 id,  0.0 wa,  0.0 hi,  0.0 si,  0.0 st
KiB Mem :   949580 total,   246360 free,   192512 used,   510708 buff/cache
KiB Swap:   102396 total,    96512 free,     5884 used.   663836 avail Mem 

  PID USER      PR  NI    VIRT    RES    SHR S  %CPU %MEM     TIME+ COMMAND
 3695 pi        20   0   23000   2712   2472 S   2.0  0.3   0:01.05 requester

top - 15:31:32 up  6:49,  3 users,  load average: 0.00, 0.03, 0.00
Tasks:   1 total,   0 running,   1 sleeping,   0 stopped,   0 zombie
%Cpu(s):  0.5 us,  1.0 sy,  0.0 ni, 98.0 id,  0.5 wa,  0.0 hi,  0.0 si,  0.0 st
KiB Mem :   949580 total,   246360 free,   192512 used,   510708 buff/cache
KiB Swap:   102396 total,    96512 free,     5884 used.   663836 avail Mem 

  PID USER      PR  NI    VIRT    RES    SHR S  %CPU %MEM     TIME+ COMMAND
 3695 pi        20   0   23000   2712   2472 S   2.0  0.3   0:01.06 requester

top - 15:31:32 up  6:49,  3 users,  load average: 0.00, 0.03, 0.00
Tasks:   1 total,   0 running,   1 sleeping,   0 stopped,   0 zombie
%Cpu(s):  0.5 us,  1.5 sy,  0.0 ni, 98.0 id,  0.0 wa,  0.0 hi,  0.0 si,  0.0 st
KiB Mem :   949580 total,   246360 free,   192512 used,   510708 buff/cache
KiB Swap:   102396 total,    96512 free,     5884 used.   663836 avail Mem 

  PID USER      PR  NI    VIRT    RES    SHR S  %CPU %MEM     TIME+ COMMAND
 3695 pi        20   0   23000   2712   2472 S   2.0  0.3   0:01.07 requester

top - 15:31:33 up  6:49,  3 users,  load average: 0.00, 0.03, 0.00
Tasks:   1 total,   0 running,   1 sleeping,   0 stopped,   0 zombie
%Cpu(s):  2.0 us,  3.5 sy,  0.0 ni, 94.1 id,  0.0 wa,  0.0 hi,  0.5 si,  0.0 st
KiB Mem :   949580 total,   246288 free,   192548 used,   510744 buff/cache
KiB Swap:   102396 total,    96512 free,     5884 used.   663772 avail Mem 

  PID USER      PR  NI    VIRT    RES    SHR S  %CPU %MEM     TIME+ COMMAND
 3695 pi        20   0   23000   2712   2472 S   3.9  0.3   0:01.09 requester

top - 15:31:33 up  6:49,  3 users,  load average: 0.00, 0.03, 0.00
Tasks:   1 total,   0 running,   1 sleeping,   0 stopped,   0 zombie
%Cpu(s):  1.0 us,  1.0 sy,  0.0 ni, 97.5 id,  0.0 wa,  0.0 hi,  0.5 si,  0.0 st
KiB Mem :   949580 total,   246288 free,   192548 used,   510744 buff/cache
KiB Swap:   102396 total,    96512 free,     5884 used.   663772 avail Mem 

  PID USER      PR  NI    VIRT    RES    SHR S  %CPU %MEM     TIME+ COMMAND
 3695 pi        20   0   23000   2712   2472 S   2.0  0.3   0:01.10 requester

top - 15:31:34 up  6:49,  3 users,  load average: 0.00, 0.03, 0.00
Tasks:   1 total,   0 running,   1 sleeping,   0 stopped,   0 zombie
%Cpu(s):  1.5 us,  1.5 sy,  0.0 ni, 97.0 id,  0.0 wa,  0.0 hi,  0.0 si,  0.0 st
KiB Mem :   949580 total,   246288 free,   192548 used,   510744 buff/cache
KiB Swap:   102396 total,    96512 free,     5884 used.   663772 avail Mem 

  PID USER      PR  NI    VIRT    RES    SHR S  %CPU %MEM     TIME+ COMMAND
 3695 pi        20   0   23000   2712   2472 S   2.0  0.3   0:01.11 requester

top - 15:31:34 up  6:49,  3 users,  load average: 0.00, 0.03, 0.00
Tasks:   1 total,   0 running,   1 sleeping,   0 stopped,   0 zombie
%Cpu(s):  1.5 us,  2.5 sy,  0.0 ni, 96.0 id,  0.0 wa,  0.0 hi,  0.0 si,  0.0 st
KiB Mem :   949580 total,   246288 free,   192548 used,   510744 buff/cache
KiB Swap:   102396 total,    96512 free,     5884 used.   663772 avail Mem 

  PID USER      PR  NI    VIRT    RES    SHR S  %CPU %MEM     TIME+ COMMAND
 3695 pi        20   0   23000   2712   2472 S   2.0  0.3   0:01.12 requester

top - 15:31:35 up  6:49,  3 users,  load average: 0.00, 0.03, 0.00
Tasks:   1 total,   0 running,   1 sleeping,   0 stopped,   0 zombie
%Cpu(s):  0.5 us,  1.0 sy,  0.0 ni, 98.5 id,  0.0 wa,  0.0 hi,  0.0 si,  0.0 st
KiB Mem :   949580 total,   246288 free,   192548 used,   510744 buff/cache
KiB Swap:   102396 total,    96512 free,     5884 used.   663772 avail Mem 

  PID USER      PR  NI    VIRT    RES    SHR S  %CPU %MEM     TIME+ COMMAND
 3695 pi        20   0   23000   2712   2472 S   4.0  0.3   0:01.14 requester

top - 15:31:35 up  6:49,  3 users,  load average: 0.00, 0.03, 0.00
Tasks:   1 total,   0 running,   1 sleeping,   0 stopped,   0 zombie
%Cpu(s):  0.5 us,  1.0 sy,  0.0 ni, 98.5 id,  0.0 wa,  0.0 hi,  0.0 si,  0.0 st
KiB Mem :   949580 total,   246288 free,   192548 used,   510744 buff/cache
KiB Swap:   102396 total,    96512 free,     5884 used.   663772 avail Mem 

  PID USER      PR  NI    VIRT    RES    SHR S  %CPU %MEM     TIME+ COMMAND
 3695 pi        20   0   23000   2712   2472 S   4.0  0.3   0:01.16 requester

top - 15:31:36 up  6:49,  3 users,  load average: 0.00, 0.03, 0.00
Tasks:   1 total,   0 running,   1 sleeping,   0 stopped,   0 zombie
%Cpu(s):  2.0 us,  2.5 sy,  0.0 ni, 95.5 id,  0.0 wa,  0.0 hi,  0.0 si,  0.0 st
KiB Mem :   949580 total,   246028 free,   192808 used,   510744 buff/cache
KiB Swap:   102396 total,    96512 free,     5884 used.   663512 avail Mem 

  PID USER      PR  NI    VIRT    RES    SHR S  %CPU %MEM     TIME+ COMMAND
 3695 pi        20   0   23000   2712   2472 S   2.0  0.3   0:01.17 requester

top - 15:31:36 up  6:49,  3 users,  load average: 0.00, 0.03, 0.00
Tasks:   1 total,   0 running,   1 sleeping,   0 stopped,   0 zombie
%Cpu(s):  0.0 us,  0.5 sy,  0.0 ni, 99.5 id,  0.0 wa,  0.0 hi,  0.0 si,  0.0 st
KiB Mem :   949580 total,   246028 free,   192808 used,   510744 buff/cache
KiB Swap:   102396 total,    96512 free,     5884 used.   663512 avail Mem 

  PID USER      PR  NI    VIRT    RES    SHR S  %CPU %MEM     TIME+ COMMAND
 3695 pi        20   0   23000   2712   2472 S   2.0  0.3   0:01.18 requester

top - 15:31:37 up  6:49,  3 users,  load average: 0.00, 0.03, 0.00
Tasks:   1 total,   0 running,   1 sleeping,   0 stopped,   0 zombie
%Cpu(s):  0.5 us,  2.5 sy,  0.0 ni, 96.5 id,  0.0 wa,  0.0 hi,  0.5 si,  0.0 st
KiB Mem :   949580 total,   246028 free,   192808 used,   510744 buff/cache
KiB Swap:   102396 total,    96512 free,     5884 used.   663512 avail Mem 

  PID USER      PR  NI    VIRT    RES    SHR S  %CPU %MEM     TIME+ COMMAND
 3695 pi        20   0   23000   2712   2472 S   2.0  0.3   0:01.19 requester

top - 15:31:38 up  6:49,  3 users,  load average: 0.00, 0.03, 0.00
Tasks:   1 total,   0 running,   1 sleeping,   0 stopped,   0 zombie
%Cpu(s):  0.0 us,  1.0 sy,  0.0 ni, 98.0 id,  0.0 wa,  0.0 hi,  1.0 si,  0.0 st
KiB Mem :   949580 total,   246028 free,   192808 used,   510744 buff/cache
KiB Swap:   102396 total,    96512 free,     5884 used.   663512 avail Mem 

  PID USER      PR  NI    VIRT    RES    SHR S  %CPU %MEM     TIME+ COMMAND
 3695 pi        20   0   23000   2712   2472 S   4.0  0.3   0:01.21 requester

top - 15:31:38 up  6:49,  3 users,  load average: 0.00, 0.03, 0.00
Tasks:   1 total,   0 running,   1 sleeping,   0 stopped,   0 zombie
%Cpu(s):  2.0 us,  3.0 sy,  0.0 ni, 94.5 id,  0.0 wa,  0.0 hi,  0.5 si,  0.0 st
KiB Mem :   949580 total,   246028 free,   192808 used,   510744 buff/cache
KiB Swap:   102396 total,    96512 free,     5884 used.   663512 avail Mem 

  PID USER      PR  NI    VIRT    RES    SHR S  %CPU %MEM     TIME+ COMMAND
 3695 pi        20   0   23000   2712   2472 S   2.0  0.3   0:01.22 requester

top - 15:31:39 up  6:49,  3 users,  load average: 0.00, 0.03, 0.00
Tasks:   1 total,   0 running,   1 sleeping,   0 stopped,   0 zombie
%Cpu(s):  0.5 us,  1.5 sy,  0.0 ni, 98.0 id,  0.0 wa,  0.0 hi,  0.0 si,  0.0 st
KiB Mem :   949580 total,   246172 free,   192628 used,   510780 buff/cache
KiB Swap:   102396 total,    96512 free,     5884 used.   663716 avail Mem 

  PID USER      PR  NI    VIRT    RES    SHR S  %CPU %MEM     TIME+ COMMAND
 3695 pi        20   0   23000   2712   2472 S   4.0  0.3   0:01.24 requester

top - 15:31:39 up  6:49,  3 users,  load average: 0.00, 0.03, 0.00
Tasks:   1 total,   0 running,   1 sleeping,   0 stopped,   0 zombie
%Cpu(s):  0.0 us,  0.0 sy,  0.0 ni,100.0 id,  0.0 wa,  0.0 hi,  0.0 si,  0.0 st
KiB Mem :   949580 total,   246172 free,   192628 used,   510780 buff/cache
KiB Swap:   102396 total,    96512 free,     5884 used.   663716 avail Mem 

  PID USER      PR  NI    VIRT    RES    SHR S  %CPU %MEM     TIME+ COMMAND
 3695 pi        20   0   23000   2712   2472 S   2.0  0.3   0:01.25 requester

top - 15:31:40 up  6:49,  3 users,  load average: 0.00, 0.03, 0.00
Tasks:   1 total,   0 running,   1 sleeping,   0 stopped,   0 zombie
%Cpu(s):  0.0 us,  1.5 sy,  0.0 ni, 98.5 id,  0.0 wa,  0.0 hi,  0.0 si,  0.0 st
KiB Mem :   949580 total,   246172 free,   192628 used,   510780 buff/cache
KiB Swap:   102396 total,    96512 free,     5884 used.   663716 avail Mem 

  PID USER      PR  NI    VIRT    RES    SHR S  %CPU %MEM     TIME+ COMMAND
 3695 pi        20   0   23000   2712   2472 S   4.0  0.3   0:01.27 requester

top - 15:31:40 up  6:49,  3 users,  load average: 0.00, 0.03, 0.00
Tasks:   1 total,   0 running,   1 sleeping,   0 stopped,   0 zombie
%Cpu(s):  0.5 us,  0.0 sy,  0.0 ni, 99.5 id,  0.0 wa,  0.0 hi,  0.0 si,  0.0 st
KiB Mem :   949580 total,   246172 free,   192628 used,   510780 buff/cache
KiB Swap:   102396 total,    96512 free,     5884 used.   663716 avail Mem 

  PID USER      PR  NI    VIRT    RES    SHR S  %CPU %MEM     TIME+ COMMAND
 3695 pi        20   0   23000   2712   2472 S   3.9  0.3   0:01.29 requester

top - 15:31:41 up  6:49,  3 users,  load average: 0.00, 0.03, 0.00
Tasks:   1 total,   0 running,   1 sleeping,   0 stopped,   0 zombie
%Cpu(s):  0.5 us,  1.0 sy,  0.0 ni, 98.0 id,  0.0 wa,  0.0 hi,  0.5 si,  0.0 st
KiB Mem :   949580 total,   246172 free,   192628 used,   510780 buff/cache
KiB Swap:   102396 total,    96512 free,     5884 used.   663716 avail Mem 

  PID USER      PR  NI    VIRT    RES    SHR S  %CPU %MEM     TIME+ COMMAND
 3695 pi        20   0   23000   2712   2472 S   2.0  0.3   0:01.30 requester

top - 15:31:41 up  6:49,  3 users,  load average: 0.00, 0.03, 0.00
Tasks:   1 total,   0 running,   1 sleeping,   0 stopped,   0 zombie
%Cpu(s):  1.5 us,  0.5 sy,  0.0 ni, 97.4 id,  0.0 wa,  0.0 hi,  0.5 si,  0.0 st
KiB Mem :   949580 total,   246172 free,   192628 used,   510780 buff/cache
KiB Swap:   102396 total,    96512 free,     5884 used.   663716 avail Mem 

  PID USER      PR  NI    VIRT    RES    SHR S  %CPU %MEM     TIME+ COMMAND
 3695 pi        20   0   23000   2712   2472 S   4.0  0.3   0:01.32 requester

top - 15:31:42 up  6:49,  3 users,  load average: 0.00, 0.03, 0.00
Tasks:   1 total,   0 running,   1 sleeping,   0 stopped,   0 zombie
%Cpu(s):  0.0 us,  0.5 sy,  0.0 ni, 99.5 id,  0.0 wa,  0.0 hi,  0.0 si,  0.0 st
KiB Mem :   949580 total,   246140 free,   192640 used,   510800 buff/cache
KiB Swap:   102396 total,    96512 free,     5884 used.   663684 avail Mem 

  PID USER      PR  NI    VIRT    RES    SHR S  %CPU %MEM     TIME+ COMMAND
 3695 pi        20   0   23000   2712   2472 S   2.0  0.3   0:01.33 requester

top - 15:31:42 up  6:49,  3 users,  load average: 0.00, 0.03, 0.00
Tasks:   1 total,   0 running,   1 sleeping,   0 stopped,   0 zombie
%Cpu(s):  0.5 us,  1.0 sy,  0.0 ni, 98.5 id,  0.0 wa,  0.0 hi,  0.0 si,  0.0 st
KiB Mem :   949580 total,   246140 free,   192640 used,   510800 buff/cache
KiB Swap:   102396 total,    96512 free,     5884 used.   663684 avail Mem 

  PID USER      PR  NI    VIRT    RES    SHR S  %CPU %MEM     TIME+ COMMAND
 3695 pi        20   0   23000   2712   2472 S   2.0  0.3   0:01.34 requester

top - 15:31:43 up  6:49,  3 users,  load average: 0.00, 0.03, 0.00
Tasks:   1 total,   0 running,   1 sleeping,   0 stopped,   0 zombie
%Cpu(s):  0.5 us,  1.5 sy,  0.0 ni, 98.0 id,  0.0 wa,  0.0 hi,  0.0 si,  0.0 st
KiB Mem :   949580 total,   246140 free,   192640 used,   510800 buff/cache
KiB Swap:   102396 total,    96512 free,     5884 used.   663684 avail Mem 

  PID USER      PR  NI    VIRT    RES    SHR S  %CPU %MEM     TIME+ COMMAND
 3695 pi        20   0   23000   2712   2472 S   4.0  0.3   0:01.36 requester

top - 15:31:43 up  6:49,  3 users,  load average: 0.00, 0.03, 0.00
Tasks:   1 total,   0 running,   1 sleeping,   0 stopped,   0 zombie
%Cpu(s):  0.5 us,  1.0 sy,  0.0 ni, 97.9 id,  0.5 wa,  0.0 hi,  0.0 si,  0.0 st
KiB Mem :   949580 total,   246140 free,   192640 used,   510800 buff/cache
KiB Swap:   102396 total,    96512 free,     5884 used.   663684 avail Mem 

  PID USER      PR  NI    VIRT    RES    SHR S  %CPU %MEM     TIME+ COMMAND
 3695 pi        20   0   23000   2712   2472 S   2.0  0.3   0:01.37 requester

top - 15:31:44 up  6:49,  3 users,  load average: 0.00, 0.03, 0.00
Tasks:   1 total,   0 running,   1 sleeping,   0 stopped,   0 zombie
%Cpu(s):  0.0 us,  1.0 sy,  0.0 ni, 99.0 id,  0.0 wa,  0.0 hi,  0.0 si,  0.0 st
KiB Mem :   949580 total,   246140 free,   192640 used,   510800 buff/cache
KiB Swap:   102396 total,    96512 free,     5884 used.   663684 avail Mem 

  PID USER      PR  NI    VIRT    RES    SHR S  %CPU %MEM     TIME+ COMMAND
 3695 pi        20   0   23000   2712   2472 S   3.9  0.3   0:01.39 requester

top - 15:31:44 up  6:49,  3 users,  load average: 0.00, 0.03, 0.00
Tasks:   1 total,   0 running,   1 sleeping,   0 stopped,   0 zombie
%Cpu(s):  0.0 us,  3.0 sy,  0.0 ni, 97.0 id,  0.0 wa,  0.0 hi,  0.0 si,  0.0 st
KiB Mem :   949580 total,   246140 free,   192640 used,   510800 buff/cache
KiB Swap:   102396 total,    96512 free,     5884 used.   663684 avail Mem 

  PID USER      PR  NI    VIRT    RES    SHR S  %CPU %MEM     TIME+ COMMAND
 3695 pi        20   0   23000   2712   2472 S   2.0  0.3   0:01.40 requester

top - 15:31:45 up  6:49,  3 users,  load average: 0.00, 0.03, 0.00
Tasks:   1 total,   0 running,   1 sleeping,   0 stopped,   0 zombie
%Cpu(s):  0.0 us,  2.5 sy,  0.0 ni, 97.5 id,  0.0 wa,  0.0 hi,  0.0 si,  0.0 st
KiB Mem :   949580 total,   246140 free,   192612 used,   510828 buff/cache
KiB Swap:   102396 total,    96512 free,     5884 used.   663692 avail Mem 

  PID USER      PR  NI    VIRT    RES    SHR S  %CPU %MEM     TIME+ COMMAND
 3695 pi        20   0   23000   2712   2472 S   4.0  0.3   0:01.42 requester

top - 15:31:45 up  6:49,  3 users,  load average: 0.00, 0.03, 0.00
Tasks:   1 total,   0 running,   1 sleeping,   0 stopped,   0 zombie
%Cpu(s):  0.0 us,  1.5 sy,  0.0 ni, 98.5 id,  0.0 wa,  0.0 hi,  0.0 si,  0.0 st
KiB Mem :   949580 total,   246140 free,   192612 used,   510828 buff/cache
KiB Swap:   102396 total,    96512 free,     5884 used.   663692 avail Mem 

  PID USER      PR  NI    VIRT    RES    SHR S  %CPU %MEM     TIME+ COMMAND
 3695 pi        20   0   23000   2712   2472 S   2.0  0.3   0:01.43 requester

top - 15:31:46 up  6:49,  3 users,  load average: 0.00, 0.03, 0.00
Tasks:   1 total,   0 running,   1 sleeping,   0 stopped,   0 zombie
%Cpu(s):  0.0 us,  0.5 sy,  0.0 ni, 99.0 id,  0.0 wa,  0.0 hi,  0.5 si,  0.0 st
KiB Mem :   949580 total,   246140 free,   192612 used,   510828 buff/cache
KiB Swap:   102396 total,    96512 free,     5884 used.   663692 avail Mem 

  PID USER      PR  NI    VIRT    RES    SHR S  %CPU %MEM     TIME+ COMMAND
 3695 pi        20   0   23000   2712   2472 S   2.0  0.3   0:01.44 requester

top - 15:31:46 up  6:49,  3 users,  load average: 0.00, 0.03, 0.00
Tasks:   1 total,   0 running,   1 sleeping,   0 stopped,   0 zombie
%Cpu(s):  2.1 us,  1.5 sy,  0.0 ni, 96.4 id,  0.0 wa,  0.0 hi,  0.0 si,  0.0 st
KiB Mem :   949580 total,   246140 free,   192612 used,   510828 buff/cache
KiB Swap:   102396 total,    96512 free,     5884 used.   663692 avail Mem 

  PID USER      PR  NI    VIRT    RES    SHR S  %CPU %MEM     TIME+ COMMAND
 3695 pi        20   0   23000   2712   2472 S   4.0  0.3   0:01.46 requester

top - 15:31:47 up  6:49,  3 users,  load average: 0.00, 0.03, 0.00
Tasks:   1 total,   0 running,   1 sleeping,   0 stopped,   0 zombie
%Cpu(s):  0.5 us,  2.0 sy,  0.0 ni, 97.5 id,  0.0 wa,  0.0 hi,  0.0 si,  0.0 st
KiB Mem :   949580 total,   246140 free,   192612 used,   510828 buff/cache
KiB Swap:   102396 total,    96512 free,     5884 used.   663692 avail Mem 

  PID USER      PR  NI    VIRT    RES    SHR S  %CPU %MEM     TIME+ COMMAND
 3695 pi        20   0   23000   2712   2472 S   2.0  0.3   0:01.47 requester

top - 15:31:47 up  6:49,  3 users,  load average: 0.00, 0.03, 0.00
Tasks:   1 total,   0 running,   1 sleeping,   0 stopped,   0 zombie
%Cpu(s):  0.0 us,  2.0 sy,  0.0 ni, 97.5 id,  0.0 wa,  0.0 hi,  0.5 si,  0.0 st
KiB Mem :   949580 total,   246140 free,   192612 used,   510828 buff/cache
KiB Swap:   102396 total,    96512 free,     5884 used.   663692 avail Mem 

  PID USER      PR  NI    VIRT    RES    SHR S  %CPU %MEM     TIME+ COMMAND
 3695 pi        20   0   23000   2712   2472 S   4.0  0.3   0:01.49 requester

top - 15:31:48 up  6:49,  3 users,  load average: 0.00, 0.02, 0.00
Tasks:   1 total,   0 running,   1 sleeping,   0 stopped,   0 zombie
%Cpu(s):  0.0 us,  0.5 sy,  0.0 ni, 99.5 id,  0.0 wa,  0.0 hi,  0.0 si,  0.0 st
KiB Mem :   949580 total,   246164 free,   192568 used,   510848 buff/cache
KiB Swap:   102396 total,    96512 free,     5884 used.   663768 avail Mem 

  PID USER      PR  NI    VIRT    RES    SHR S  %CPU %MEM     TIME+ COMMAND
 3695 pi        20   0   23000   2712   2472 S   2.0  0.3   0:01.50 requester

top - 15:31:48 up  6:49,  3 users,  load average: 0.00, 0.02, 0.00
Tasks:   1 total,   0 running,   1 sleeping,   0 stopped,   0 zombie
%Cpu(s):  1.0 us,  0.5 sy,  0.0 ni, 98.4 id,  0.0 wa,  0.0 hi,  0.0 si,  0.0 st
KiB Mem :   949580 total,   246164 free,   192568 used,   510848 buff/cache
KiB Swap:   102396 total,    96512 free,     5884 used.   663768 avail Mem 

  PID USER      PR  NI    VIRT    RES    SHR S  %CPU %MEM     TIME+ COMMAND
 3695 pi        20   0   23000   2712   2472 S   4.0  0.3   0:01.52 requester

top - 15:31:49 up  6:49,  3 users,  load average: 0.00, 0.02, 0.00
Tasks:   1 total,   0 running,   1 sleeping,   0 stopped,   0 zombie
%Cpu(s):  0.5 us,  1.0 sy,  0.0 ni, 98.5 id,  0.0 wa,  0.0 hi,  0.0 si,  0.0 st
KiB Mem :   949580 total,   246164 free,   192568 used,   510848 buff/cache
KiB Swap:   102396 total,    96512 free,     5884 used.   663768 avail Mem 

  PID USER      PR  NI    VIRT    RES    SHR S  %CPU %MEM     TIME+ COMMAND
 3695 pi        20   0   23000   2712   2472 S   4.0  0.3   0:01.54 requester

top - 15:31:49 up  6:49,  3 users,  load average: 0.00, 0.02, 0.00
Tasks:   1 total,   0 running,   1 sleeping,   0 stopped,   0 zombie
%Cpu(s):  0.0 us,  0.5 sy,  0.0 ni, 98.0 id,  0.0 wa,  0.0 hi,  1.5 si,  0.0 st
KiB Mem :   949580 total,   246164 free,   192568 used,   510848 buff/cache
KiB Swap:   102396 total,    96512 free,     5884 used.   663768 avail Mem 

  PID USER      PR  NI    VIRT    RES    SHR S  %CPU %MEM     TIME+ COMMAND
 3695 pi        20   0   23000   2712   2472 S   2.0  0.3   0:01.55 requester

top - 15:31:50 up  6:49,  3 users,  load average: 0.00, 0.02, 0.00
Tasks:   1 total,   0 running,   1 sleeping,   0 stopped,   0 zombie
%Cpu(s):  0.5 us,  0.5 sy,  0.0 ni, 98.5 id,  0.0 wa,  0.0 hi,  0.5 si,  0.0 st
KiB Mem :   949580 total,   246164 free,   192568 used,   510848 buff/cache
KiB Swap:   102396 total,    96512 free,     5884 used.   663768 avail Mem 

  PID USER      PR  NI    VIRT    RES    SHR S  %CPU %MEM     TIME+ COMMAND
 3695 pi        20   0   23000   2712   2472 S   4.0  0.3   0:01.57 requester

top - 15:31:50 up  6:49,  3 users,  load average: 0.00, 0.02, 0.00
Tasks:   1 total,   0 running,   1 sleeping,   0 stopped,   0 zombie
%Cpu(s):  0.0 us,  3.0 sy,  0.0 ni, 97.0 id,  0.0 wa,  0.0 hi,  0.0 si,  0.0 st
KiB Mem :   949580 total,   246164 free,   192568 used,   510848 buff/cache
KiB Swap:   102396 total,    96512 free,     5884 used.   663768 avail Mem 

  PID USER      PR  NI    VIRT    RES    SHR S  %CPU %MEM     TIME+ COMMAND
 3695 pi        20   0   23000   2712   2472 S   2.0  0.3   0:01.58 requester

top - 15:31:51 up  6:49,  3 users,  load average: 0.00, 0.02, 0.00
Tasks:   1 total,   0 running,   1 sleeping,   0 stopped,   0 zombie
%Cpu(s):  0.5 us,  2.0 sy,  0.0 ni, 97.5 id,  0.0 wa,  0.0 hi,  0.0 si,  0.0 st
KiB Mem :   949580 total,   246156 free,   192552 used,   510872 buff/cache
KiB Swap:   102396 total,    96512 free,     5884 used.   663768 avail Mem 

  PID USER      PR  NI    VIRT    RES    SHR S  %CPU %MEM     TIME+ COMMAND
 3695 pi        20   0   23000   2712   2472 S   2.0  0.3   0:01.59 requester

top - 15:31:51 up  6:49,  3 users,  load average: 0.00, 0.02, 0.00
Tasks:   1 total,   0 running,   1 sleeping,   0 stopped,   0 zombie
%Cpu(s):  1.0 us,  1.0 sy,  0.0 ni, 97.9 id,  0.0 wa,  0.0 hi,  0.0 si,  0.0 st
KiB Mem :   949580 total,   246156 free,   192552 used,   510872 buff/cache
KiB Swap:   102396 total,    96512 free,     5884 used.   663768 avail Mem 

  PID USER      PR  NI    VIRT    RES    SHR S  %CPU %MEM     TIME+ COMMAND
 3695 pi        20   0   23000   2712   2472 S   3.9  0.3   0:01.61 requester

top - 15:31:52 up  6:49,  3 users,  load average: 0.00, 0.02, 0.00
Tasks:   1 total,   0 running,   1 sleeping,   0 stopped,   0 zombie
%Cpu(s):  0.5 us,  3.0 sy,  0.0 ni, 96.0 id,  0.0 wa,  0.0 hi,  0.5 si,  0.0 st
KiB Mem :   949580 total,   246156 free,   192552 used,   510872 buff/cache
KiB Swap:   102396 total,    96512 free,     5884 used.   663768 avail Mem 

  PID USER      PR  NI    VIRT    RES    SHR S  %CPU %MEM     TIME+ COMMAND
 3695 pi        20   0   23000   2712   2472 S   2.0  0.3   0:01.62 requester

top - 15:31:52 up  6:49,  3 users,  load average: 0.00, 0.02, 0.00
Tasks:   1 total,   0 running,   1 sleeping,   0 stopped,   0 zombie
%Cpu(s):  0.5 us,  0.5 sy,  0.0 ni, 99.0 id,  0.0 wa,  0.0 hi,  0.0 si,  0.0 st
KiB Mem :   949580 total,   246156 free,   192552 used,   510872 buff/cache
KiB Swap:   102396 total,    96512 free,     5884 used.   663768 avail Mem 

  PID USER      PR  NI    VIRT    RES    SHR S  %CPU %MEM     TIME+ COMMAND
 3695 pi        20   0   23000   2712   2472 S   4.0  0.3   0:01.64 requester

top - 15:31:53 up  6:49,  3 users,  load average: 0.00, 0.02, 0.00
Tasks:   1 total,   0 running,   1 sleeping,   0 stopped,   0 zombie
%Cpu(s):  1.0 us,  2.5 sy,  0.0 ni, 96.0 id,  0.0 wa,  0.0 hi,  0.5 si,  0.0 st
KiB Mem :   949580 total,   246156 free,   192552 used,   510872 buff/cache
KiB Swap:   102396 total,    96512 free,     5884 used.   663768 avail Mem 

  PID USER      PR  NI    VIRT    RES    SHR S  %CPU %MEM     TIME+ COMMAND
 3695 pi        20   0   23000   2712   2472 S   3.9  0.3   0:01.66 requester

top - 15:31:53 up  6:49,  3 users,  load average: 0.00, 0.02, 0.00
Tasks:   1 total,   0 running,   1 sleeping,   0 stopped,   0 zombie
%Cpu(s):  0.0 us,  1.0 sy,  0.0 ni, 99.0 id,  0.0 wa,  0.0 hi,  0.0 si,  0.0 st
KiB Mem :   949580 total,   246156 free,   192552 used,   510872 buff/cache
KiB Swap:   102396 total,    96512 free,     5884 used.   663768 avail Mem 

  PID USER      PR  NI    VIRT    RES    SHR S  %CPU %MEM     TIME+ COMMAND
 3695 pi        20   0   23000   2712   2472 S   2.0  0.3   0:01.67 requester

top - 15:31:54 up  6:49,  3 users,  load average: 0.00, 0.02, 0.00
Tasks:   1 total,   0 running,   1 sleeping,   0 stopped,   0 zombie
%Cpu(s):  1.0 us,  1.5 sy,  0.0 ni, 97.5 id,  0.0 wa,  0.0 hi,  0.0 si,  0.0 st
KiB Mem :   949580 total,   246156 free,   192532 used,   510892 buff/cache
KiB Swap:   102396 total,    96512 free,     5884 used.   663792 avail Mem 

  PID USER      PR  NI    VIRT    RES    SHR S  %CPU %MEM     TIME+ COMMAND
 3695 pi        20   0   23000   2712   2472 S   4.0  0.3   0:01.69 requester

top - 15:31:54 up  6:49,  3 users,  load average: 0.00, 0.02, 0.00
Tasks:   1 total,   0 running,   1 sleeping,   0 stopped,   0 zombie
%Cpu(s):  0.0 us,  1.0 sy,  0.0 ni, 98.5 id,  0.5 wa,  0.0 hi,  0.0 si,  0.0 st
KiB Mem :   949580 total,   246156 free,   192532 used,   510892 buff/cache
KiB Swap:   102396 total,    96512 free,     5884 used.   663792 avail Mem 

  PID USER      PR  NI    VIRT    RES    SHR S  %CPU %MEM     TIME+ COMMAND
 3695 pi        20   0   23000   2712   2472 S   2.0  0.3   0:01.70 requester

top - 15:31:55 up  6:49,  3 users,  load average: 0.00, 0.02, 0.00
Tasks:   1 total,   0 running,   1 sleeping,   0 stopped,   0 zombie
%Cpu(s):  0.0 us,  2.5 sy,  0.0 ni, 97.0 id,  0.0 wa,  0.0 hi,  0.5 si,  0.0 st
KiB Mem :   949580 total,   246156 free,   192532 used,   510892 buff/cache
KiB Swap:   102396 total,    96512 free,     5884 used.   663792 avail Mem 

  PID USER      PR  NI    VIRT    RES    SHR S  %CPU %MEM     TIME+ COMMAND
 3695 pi        20   0   23000   2712   2472 S   2.0  0.3   0:01.71 requester

top - 15:31:55 up  6:49,  3 users,  load average: 0.00, 0.02, 0.00
Tasks:   1 total,   0 running,   1 sleeping,   0 stopped,   0 zombie
%Cpu(s):  0.0 us,  1.5 sy,  0.0 ni, 98.5 id,  0.0 wa,  0.0 hi,  0.0 si,  0.0 st
KiB Mem :   949580 total,   246156 free,   192532 used,   510892 buff/cache
KiB Swap:   102396 total,    96512 free,     5884 used.   663792 avail Mem 

  PID USER      PR  NI    VIRT    RES    SHR S  %CPU %MEM     TIME+ COMMAND
 3695 pi        20   0   23000   2712   2472 S   2.0  0.3   0:01.72 requester

top - 15:31:56 up  6:49,  3 users,  load average: 0.00, 0.02, 0.00
Tasks:   1 total,   0 running,   1 sleeping,   0 stopped,   0 zombie
%Cpu(s):  0.5 us,  1.5 sy,  0.0 ni, 97.5 id,  0.0 wa,  0.0 hi,  0.5 si,  0.0 st
KiB Mem :   949580 total,   246156 free,   192532 used,   510892 buff/cache
KiB Swap:   102396 total,    96512 free,     5884 used.   663792 avail Mem 

  PID USER      PR  NI    VIRT    RES    SHR S  %CPU %MEM     TIME+ COMMAND
 3695 pi        20   0   23000   2712   2472 S   4.0  0.3   0:01.74 requester

top - 15:31:56 up  6:49,  3 users,  load average: 0.00, 0.02, 0.00
Tasks:   1 total,   0 running,   1 sleeping,   0 stopped,   0 zombie
%Cpu(s):  2.0 us,  0.5 sy,  0.0 ni, 96.9 id,  0.0 wa,  0.0 hi,  0.5 si,  0.0 st
KiB Mem :   949580 total,   246156 free,   192532 used,   510892 buff/cache
KiB Swap:   102396 total,    96512 free,     5884 used.   663792 avail Mem 

  PID USER      PR  NI    VIRT    RES    SHR S  %CPU %MEM     TIME+ COMMAND
 3695 pi        20   0   23000   2712   2472 S   2.0  0.3   0:01.75 requester

top - 15:31:57 up  6:49,  3 users,  load average: 0.00, 0.02, 0.00
Tasks:   1 total,   0 running,   1 sleeping,   0 stopped,   0 zombie
%Cpu(s):  0.5 us,  2.0 sy,  0.0 ni, 97.5 id,  0.0 wa,  0.0 hi,  0.0 si,  0.0 st
KiB Mem :   949580 total,   245908 free,   192748 used,   510924 buff/cache
KiB Swap:   102396 total,    96512 free,     5884 used.   663620 avail Mem 

  PID USER      PR  NI    VIRT    RES    SHR S  %CPU %MEM     TIME+ COMMAND
 3695 pi        20   0   23000   2712   2472 S   4.0  0.3   0:01.77 requester

top - 15:31:57 up  6:49,  3 users,  load average: 0.00, 0.02, 0.00
Tasks:   1 total,   0 running,   1 sleeping,   0 stopped,   0 zombie
%Cpu(s):  1.0 us,  1.5 sy,  0.0 ni, 97.4 id,  0.0 wa,  0.0 hi,  0.0 si,  0.0 st
KiB Mem :   949580 total,   245908 free,   192748 used,   510924 buff/cache
KiB Swap:   102396 total,    96512 free,     5884 used.   663620 avail Mem 

  PID USER      PR  NI    VIRT    RES    SHR S  %CPU %MEM     TIME+ COMMAND
 3695 pi        20   0   23000   2712   2472 S   3.9  0.3   0:01.79 requester

top - 15:31:58 up  6:49,  3 users,  load average: 0.00, 0.02, 0.00
Tasks:   1 total,   0 running,   1 sleeping,   0 stopped,   0 zombie
%Cpu(s):  5.6 us,  3.5 sy,  0.0 ni, 90.4 id,  0.0 wa,  0.0 hi,  0.5 si,  0.0 st
KiB Mem :   949580 total,   245908 free,   192748 used,   510924 buff/cache
KiB Swap:   102396 total,    96512 free,     5884 used.   663620 avail Mem 

  PID USER      PR  NI    VIRT    RES    SHR S  %CPU %MEM     TIME+ COMMAND
 3695 pi        20   0   23000   2712   2472 S   4.0  0.3   0:01.81 requester

top - 15:31:58 up  6:50,  3 users,  load average: 0.00, 0.02, 0.00
Tasks:   1 total,   0 running,   1 sleeping,   0 stopped,   0 zombie
%Cpu(s):  3.1 us,  1.0 sy,  0.0 ni, 95.9 id,  0.0 wa,  0.0 hi,  0.0 si,  0.0 st
KiB Mem :   949580 total,   245908 free,   192748 used,   510924 buff/cache
KiB Swap:   102396 total,    96512 free,     5884 used.   663620 avail Mem 

  PID USER      PR  NI    VIRT    RES    SHR S  %CPU %MEM     TIME+ COMMAND
 3695 pi        20   0   23000   2712   2472 S   4.0  0.3   0:01.83 requester

top - 15:31:59 up  6:50,  3 users,  load average: 0.00, 0.02, 0.00
Tasks:   1 total,   0 running,   1 sleeping,   0 stopped,   0 zombie
%Cpu(s):  3.0 us,  4.5 sy,  0.0 ni, 91.5 id,  0.0 wa,  0.0 hi,  1.0 si,  0.0 st
KiB Mem :   949580 total,   245908 free,   192748 used,   510924 buff/cache
KiB Swap:   102396 total,    96512 free,     5884 used.   663620 avail Mem 

  PID USER      PR  NI    VIRT    RES    SHR S  %CPU %MEM     TIME+ COMMAND
 3695 pi        20   0   23000   2712   2472 S   3.9  0.3   0:01.85 requester

top - 15:31:59 up  6:50,  3 users,  load average: 0.00, 0.02, 0.00
Tasks:   1 total,   0 running,   1 sleeping,   0 stopped,   0 zombie
%Cpu(s):  4.1 us,  2.6 sy,  0.0 ni, 93.4 id,  0.0 wa,  0.0 hi,  0.0 si,  0.0 st
KiB Mem :   949580 total,   245908 free,   192748 used,   510924 buff/cache
KiB Swap:   102396 total,    96512 free,     5884 used.   663620 avail Mem 

  PID USER      PR  NI    VIRT    RES    SHR S  %CPU %MEM     TIME+ COMMAND
 3695 pi        20   0   23000   2712   2472 S   2.0  0.3   0:01.86 requester

top - 15:32:00 up  6:50,  3 users,  load average: 0.00, 0.02, 0.00
Tasks:   1 total,   0 running,   1 sleeping,   0 stopped,   0 zombie
%Cpu(s):  1.6 us,  1.0 sy,  0.0 ni, 97.4 id,  0.0 wa,  0.0 hi,  0.0 si,  0.0 st
KiB Mem :   949580 total,   244428 free,   194208 used,   510944 buff/cache
KiB Swap:   102396 total,    96512 free,     5884 used.   662156 avail Mem 

  PID USER      PR  NI    VIRT    RES    SHR S  %CPU %MEM     TIME+ COMMAND
 3695 pi        20   0   23000   2712   2472 S   2.0  0.3   0:01.87 requester

top - 15:32:00 up  6:50,  3 users,  load average: 0.00, 0.02, 0.00
Tasks:   1 total,   0 running,   1 sleeping,   0 stopped,   0 zombie
%Cpu(s):  1.0 us,  4.1 sy,  0.0 ni, 94.9 id,  0.0 wa,  0.0 hi,  0.0 si,  0.0 st
KiB Mem :   949580 total,   244428 free,   194208 used,   510944 buff/cache
KiB Swap:   102396 total,    96512 free,     5884 used.   662156 avail Mem 

  PID USER      PR  NI    VIRT    RES    SHR S  %CPU %MEM     TIME+ COMMAND
 3695 pi        20   0   23000   2712   2472 S   4.0  0.3   0:01.89 requester

top - 15:32:01 up  6:50,  3 users,  load average: 0.00, 0.02, 0.00
Tasks:   1 total,   0 running,   1 sleeping,   0 stopped,   0 zombie
%Cpu(s):  1.5 us,  0.5 sy,  0.0 ni, 97.5 id,  0.0 wa,  0.0 hi,  0.5 si,  0.0 st
KiB Mem :   949580 total,   244428 free,   194208 used,   510944 buff/cache
KiB Swap:   102396 total,    96512 free,     5884 used.   662156 avail Mem 

  PID USER      PR  NI    VIRT    RES    SHR S  %CPU %MEM     TIME+ COMMAND
 3695 pi        20   0   23000   2712   2472 S   3.9  0.3   0:01.91 requester

top - 15:32:01 up  6:50,  3 users,  load average: 0.00, 0.02, 0.00
Tasks:   1 total,   0 running,   1 sleeping,   0 stopped,   0 zombie
%Cpu(s):  2.6 us,  2.1 sy,  0.0 ni, 95.3 id,  0.0 wa,  0.0 hi,  0.0 si,  0.0 st
KiB Mem :   949580 total,   244428 free,   194208 used,   510944 buff/cache
KiB Swap:   102396 total,    96512 free,     5884 used.   662156 avail Mem 

  PID USER      PR  NI    VIRT    RES    SHR S  %CPU %MEM     TIME+ COMMAND
 3695 pi        20   0   23000   2712   2472 S   4.0  0.3   0:01.93 requester

top - 15:32:02 up  6:50,  3 users,  load average: 0.00, 0.02, 0.00
Tasks:   1 total,   0 running,   1 sleeping,   0 stopped,   0 zombie
%Cpu(s):  0.5 us,  0.5 sy,  0.0 ni, 97.9 id,  0.0 wa,  0.0 hi,  1.0 si,  0.0 st
KiB Mem :   949580 total,   244428 free,   194208 used,   510944 buff/cache
KiB Swap:   102396 total,    96512 free,     5884 used.   662156 avail Mem 

  PID USER      PR  NI    VIRT    RES    SHR S  %CPU %MEM     TIME+ COMMAND
 3695 pi        20   0   23000   2712   2472 S   4.0  0.3   0:01.95 requester

top - 15:32:02 up  6:50,  3 users,  load average: 0.00, 0.02, 0.00
Tasks:   1 total,   0 running,   1 sleeping,   0 stopped,   0 zombie
%Cpu(s):  4.1 us,  1.0 sy,  0.0 ni, 93.9 id,  0.0 wa,  0.0 hi,  1.0 si,  0.0 st
KiB Mem :   949580 total,   244428 free,   194208 used,   510944 buff/cache
KiB Swap:   102396 total,    96512 free,     5884 used.   662156 avail Mem 

  PID USER      PR  NI    VIRT    RES    SHR S  %CPU %MEM     TIME+ COMMAND
 3695 pi        20   0   23000   2712   2472 S   4.0  0.3   0:01.97 requester

top - 15:32:03 up  6:50,  3 users,  load average: 0.00, 0.02, 0.00
Tasks:   1 total,   1 running,   0 sleeping,   0 stopped,   0 zombie
%Cpu(s):  2.6 us,  4.1 sy,  0.0 ni, 93.3 id,  0.0 wa,  0.0 hi,  0.0 si,  0.0 st
KiB Mem :   949580 total,   244356 free,   194264 used,   510960 buff/cache
KiB Swap:   102396 total,    96512 free,     5884 used.   662112 avail Mem 

  PID USER      PR  NI    VIRT    RES    SHR S  %CPU %MEM     TIME+ COMMAND
 3695 pi        20   0   23000   2712   2472 R   5.9  0.3   0:02.00 requester

top - 15:32:03 up  6:50,  3 users,  load average: 0.00, 0.02, 0.00
Tasks:   1 total,   0 running,   1 sleeping,   0 stopped,   0 zombie
%Cpu(s):  1.0 us,  2.6 sy,  0.0 ni, 96.4 id,  0.0 wa,  0.0 hi,  0.0 si,  0.0 st
KiB Mem :   949580 total,   244356 free,   194264 used,   510960 buff/cache
KiB Swap:   102396 total,    96512 free,     5884 used.   662112 avail Mem 

  PID USER      PR  NI    VIRT    RES    SHR S  %CPU %MEM     TIME+ COMMAND
 3695 pi        20   0   23000   2712   2472 S   2.0  0.3   0:02.01 requester

top - 15:32:04 up  6:50,  3 users,  load average: 0.00, 0.02, 0.00
Tasks:   1 total,   0 running,   1 sleeping,   0 stopped,   0 zombie
%Cpu(s):  2.1 us,  2.1 sy,  0.0 ni, 95.4 id,  0.0 wa,  0.0 hi,  0.5 si,  0.0 st
KiB Mem :   949580 total,   244356 free,   194264 used,   510960 buff/cache
KiB Swap:   102396 total,    96512 free,     5884 used.   662112 avail Mem 

  PID USER      PR  NI    VIRT    RES    SHR S  %CPU %MEM     TIME+ COMMAND
 3695 pi        20   0   23000   2712   2472 S   4.0  0.3   0:02.03 requester

top - 15:32:04 up  6:50,  3 users,  load average: 0.00, 0.02, 0.00
Tasks:   1 total,   0 running,   1 sleeping,   0 stopped,   0 zombie
%Cpu(s):  2.0 us,  4.0 sy,  0.0 ni, 93.4 id,  0.0 wa,  0.0 hi,  0.5 si,  0.0 st
KiB Mem :   949580 total,   244356 free,   194264 used,   510960 buff/cache
KiB Swap:   102396 total,    96512 free,     5884 used.   662112 avail Mem 

  PID USER      PR  NI    VIRT    RES    SHR S  %CPU %MEM     TIME+ COMMAND
 3695 pi        20   0   23000   2712   2472 S   3.9  0.3   0:02.05 requester

top - 15:32:05 up  6:50,  3 users,  load average: 0.00, 0.02, 0.00
Tasks:   1 total,   0 running,   1 sleeping,   0 stopped,   0 zombie
%Cpu(s):  1.6 us,  3.1 sy,  0.0 ni, 94.3 id,  0.5 wa,  0.0 hi,  0.5 si,  0.0 st
KiB Mem :   949580 total,   244356 free,   194264 used,   510960 buff/cache
KiB Swap:   102396 total,    96512 free,     5884 used.   662112 avail Mem 

  PID USER      PR  NI    VIRT    RES    SHR S  %CPU %MEM     TIME+ COMMAND
 3695 pi        20   0   23000   2712   2472 S   4.0  0.3   0:02.07 requester

top - 15:32:05 up  6:50,  3 users,  load average: 0.00, 0.02, 0.00
Tasks:   1 total,   0 running,   1 sleeping,   0 stopped,   0 zombie
%Cpu(s):  2.0 us,  2.5 sy,  0.0 ni, 95.5 id,  0.0 wa,  0.0 hi,  0.0 si,  0.0 st
KiB Mem :   949580 total,   244356 free,   194264 used,   510960 buff/cache
KiB Swap:   102396 total,    96512 free,     5884 used.   662112 avail Mem 

  PID USER      PR  NI    VIRT    RES    SHR S  %CPU %MEM     TIME+ COMMAND
 3695 pi        20   0   23000   2712   2472 S   4.0  0.3   0:02.09 requester

top - 15:32:06 up  6:50,  3 users,  load average: 0.00, 0.02, 0.00
Tasks:   1 total,   0 running,   1 sleeping,   0 stopped,   0 zombie
%Cpu(s):  1.0 us,  1.0 sy,  0.0 ni, 98.0 id,  0.0 wa,  0.0 hi,  0.0 si,  0.0 st
KiB Mem :   949580 total,   244644 free,   193956 used,   510980 buff/cache
KiB Swap:   102396 total,    96512 free,     5884 used.   662420 avail Mem 

  PID USER      PR  NI    VIRT    RES    SHR S  %CPU %MEM     TIME+ COMMAND
 3695 pi        20   0   23000   2712   2472 S   2.0  0.3   0:02.10 requester

top - 15:32:06 up  6:50,  3 users,  load average: 0.00, 0.02, 0.00
Tasks:   1 total,   0 running,   1 sleeping,   0 stopped,   0 zombie
%Cpu(s):  8.3 us,  2.1 sy,  0.0 ni, 89.1 id,  0.0 wa,  0.0 hi,  0.5 si,  0.0 st
KiB Mem :   949580 total,   244644 free,   193956 used,   510980 buff/cache
KiB Swap:   102396 total,    96512 free,     5884 used.   662420 avail Mem 

  PID USER      PR  NI    VIRT    RES    SHR S  %CPU %MEM     TIME+ COMMAND
 3695 pi        20   0   23000   2712   2472 S   4.0  0.3   0:02.12 requester

top - 15:32:07 up  6:50,  3 users,  load average: 0.00, 0.02, 0.00
Tasks:   1 total,   0 running,   1 sleeping,   0 stopped,   0 zombie
%Cpu(s):  0.5 us,  0.5 sy,  0.0 ni, 99.0 id,  0.0 wa,  0.0 hi,  0.0 si,  0.0 st
KiB Mem :   949580 total,   244644 free,   193956 used,   510980 buff/cache
KiB Swap:   102396 total,    96512 free,     5884 used.   662420 avail Mem 

  PID USER      PR  NI    VIRT    RES    SHR S  %CPU %MEM     TIME+ COMMAND
 3695 pi        20   0   23000   2712   2472 S   2.0  0.3   0:02.13 requester

top - 15:32:07 up  6:50,  3 users,  load average: 0.00, 0.02, 0.00
Tasks:   0 total,   0 running,   0 sleeping,   0 stopped,   0 zombie
%Cpu(s):  1.0 us,  2.0 sy,  0.0 ni, 95.4 id,  0.0 wa,  0.0 hi,  1.5 si,  0.0 st
KiB Mem :   949580 total,   244644 free,   193956 used,   510980 buff/cache
KiB Swap:   102396 total,    96512 free,     5884 used.   662420 avail Mem 

  PID USER      PR  NI    VIRT    RES    SHR S  %CPU %MEM     TIME+ COMMAND

top - 15:32:08 up  6:50,  3 users,  load average: 0.32, 0.09, 0.02
Tasks:   0 total,   0 running,   0 sleeping,   0 stopped,   0 zombie
%Cpu(s):  2.5 us,  1.5 sy,  0.0 ni, 96.0 id,  0.0 wa,  0.0 hi,  0.0 si,  0.0 st
KiB Mem :   949580 total,   244644 free,   193956 used,   510980 buff/cache
KiB Swap:   102396 total,    96512 free,     5884 used.   662420 avail Mem 

  PID USER      PR  NI    VIRT    RES    SHR S  %CPU %MEM     TIME+ COMMAND

top - 15:32:08 up  6:50,  3 users,  load average: 0.32, 0.09, 0.02
Tasks:   0 total,   0 running,   0 sleeping,   0 stopped,   0 zombie
%Cpu(s):  0.0 us,  0.0 sy,  0.0 ni,100.0 id,  0.0 wa,  0.0 hi,  0.0 si,  0.0 st
KiB Mem :   949580 total,   244644 free,   193956 used,   510980 buff/cache
KiB Swap:   102396 total,    96512 free,     5884 used.   662420 avail Mem 

  PID USER      PR  NI    VIRT    RES    SHR S  %CPU %MEM     TIME+ COMMAND

top - 15:32:09 up  6:50,  3 users,  load average: 0.32, 0.09, 0.02
Tasks:   0 total,   0 running,   0 sleeping,   0 stopped,   0 zombie
%Cpu(s):  0.5 us,  0.0 sy,  0.0 ni, 99.5 id,  0.0 wa,  0.0 hi,  0.0 si,  0.0 st
KiB Mem :   949580 total,   246204 free,   192360 used,   511016 buff/cache
KiB Swap:   102396 total,    96512 free,     5884 used.   664024 avail Mem 

  PID USER      PR  NI    VIRT    RES    SHR S  %CPU %MEM     TIME+ COMMAND

top - 15:32:09 up  6:50,  3 users,  load average: 0.32, 0.09, 0.02
Tasks:   0 total,   0 running,   0 sleeping,   0 stopped,   0 zombie
%Cpu(s):  0.0 us,  0.0 sy,  0.0 ni,100.0 id,  0.0 wa,  0.0 hi,  0.0 si,  0.0 st
KiB Mem :   949580 total,   246204 free,   192360 used,   511016 buff/cache
KiB Swap:   102396 total,    96512 free,     5884 used.   664024 avail Mem 

  PID USER      PR  NI    VIRT    RES    SHR S  %CPU %MEM     TIME+ COMMAND

top - 15:32:10 up  6:50,  3 users,  load average: 0.32, 0.09, 0.02
Tasks:   0 total,   0 running,   0 sleeping,   0 stopped,   0 zombie
%Cpu(s):  0.0 us,  0.0 sy,  0.0 ni,100.0 id,  0.0 wa,  0.0 hi,  0.0 si,  0.0 st
KiB Mem :   949580 total,   246204 free,   192360 used,   511016 buff/cache
KiB Swap:   102396 total,    96512 free,     5884 used.   664024 avail Mem 

  PID USER      PR  NI    VIRT    RES    SHR S  %CPU %MEM     TIME+ COMMAND

top - 15:32:10 up  6:50,  3 users,  load average: 0.32, 0.09, 0.02
Tasks:   0 total,   0 running,   0 sleeping,   0 stopped,   0 zombie
%Cpu(s):  0.0 us,  0.0 sy,  0.0 ni,100.0 id,  0.0 wa,  0.0 hi,  0.0 si,  0.0 st
KiB Mem :   949580 total,   246204 free,   192360 used,   511016 buff/cache
KiB Swap:   102396 total,    96512 free,     5884 used.   664024 avail Mem 

  PID USER      PR  NI    VIRT    RES    SHR S  %CPU %MEM     TIME+ COMMAND

top - 15:32:11 up  6:50,  3 users,  load average: 0.32, 0.09, 0.02
Tasks:   0 total,   0 running,   0 sleeping,   0 stopped,   0 zombie
%Cpu(s):  0.0 us,  0.0 sy,  0.0 ni,100.0 id,  0.0 wa,  0.0 hi,  0.0 si,  0.0 st
KiB Mem :   949580 total,   246204 free,   192360 used,   511016 buff/cache
KiB Swap:   102396 total,    96512 free,     5884 used.   664024 avail Mem 

  PID USER      PR  NI    VIRT    RES    SHR S  %CPU %MEM     TIME+ COMMAND

top - 15:32:11 up  6:50,  3 users,  load average: 0.32, 0.09, 0.02
Tasks:   0 total,   0 running,   0 sleeping,   0 stopped,   0 zombie
%Cpu(s):  0.0 us,  0.0 sy,  0.0 ni,100.0 id,  0.0 wa,  0.0 hi,  0.0 si,  0.0 st
KiB Mem :   949580 total,   246204 free,   192360 used,   511016 buff/cache
KiB Swap:   102396 total,    96512 free,     5884 used.   664024 avail Mem 

  PID USER      PR  NI    VIRT    RES    SHR S  %CPU %MEM     TIME+ COMMAND

top - 15:32:12 up  6:50,  3 users,  load average: 0.32, 0.09, 0.02
Tasks:   0 total,   0 running,   0 sleeping,   0 stopped,   0 zombie
%Cpu(s):  0.5 us,  0.5 sy,  0.0 ni, 99.0 id,  0.0 wa,  0.0 hi,  0.0 si,  0.0 st
KiB Mem :   949580 total,   246196 free,   192356 used,   511028 buff/cache
KiB Swap:   102396 total,    96512 free,     5884 used.   664016 avail Mem 

  PID USER      PR  NI    VIRT    RES    SHR S  %CPU %MEM     TIME+ COMMAND

top - 15:32:12 up  6:50,  3 users,  load average: 0.32, 0.09, 0.02
Tasks:   0 total,   0 running,   0 sleeping,   0 stopped,   0 zombie
%Cpu(s):  3.0 us,  0.5 sy,  0.0 ni, 96.5 id,  0.0 wa,  0.0 hi,  0.0 si,  0.0 st
KiB Mem :   949580 total,   246196 free,   192356 used,   511028 buff/cache
KiB Swap:   102396 total,    96512 free,     5884 used.   664016 avail Mem 

  PID USER      PR  NI    VIRT    RES    SHR S  %CPU %MEM     TIME+ COMMAND
